2022-06-13T00:51:58+00:00	fluent.info	{"pid":19,"ppid":10,"worker":0,"message":"starting fluentd worker pid=19 ppid=10 worker=0"}
2022-06-13T00:51:58+00:00	fluent.info	{"port":24224,"bind":"0.0.0.0","message":"listening port port=24224 bind=\"0.0.0.0\""}
2022-06-13T00:51:58+00:00	fluent.info	{"worker":0,"message":"fluentd worker is now running worker=0"}
2022-06-13T00:51:56+00:00	nginx.hello2	{"container_id":"1c815d444a0d01c4d1e9b79af1220deacc7b43e53ec15d48fc7717b8b13988ea","container_name":"/fluentd-elastic-stack-ver0.0.1-nginx_d_1","source":"stdout","log":"/docker-entrypoint.sh: /docker-entrypoint.d/ is not empty, will attempt to perform configuration"}
2022-06-13T00:51:56+00:00	nginx.hello2	{"container_id":"1c815d444a0d01c4d1e9b79af1220deacc7b43e53ec15d48fc7717b8b13988ea","container_name":"/fluentd-elastic-stack-ver0.0.1-nginx_d_1","source":"stdout","log":"/docker-entrypoint.sh: Looking for shell scripts in /docker-entrypoint.d/"}
2022-06-13T00:51:56+00:00	nginx.hello2	{"container_id":"1c815d444a0d01c4d1e9b79af1220deacc7b43e53ec15d48fc7717b8b13988ea","container_name":"/fluentd-elastic-stack-ver0.0.1-nginx_d_1","source":"stdout","log":"/docker-entrypoint.sh: Launching /docker-entrypoint.d/10-listen-on-ipv6-by-default.sh"}
2022-06-13T00:51:56+00:00	nginx.hello2	{"source":"stdout","log":"10-listen-on-ipv6-by-default.sh: info: Getting the checksum of /etc/nginx/conf.d/default.conf","container_id":"1c815d444a0d01c4d1e9b79af1220deacc7b43e53ec15d48fc7717b8b13988ea","container_name":"/fluentd-elastic-stack-ver0.0.1-nginx_d_1"}
2022-06-13T00:51:56+00:00	nginx.hello2	{"source":"stdout","log":"10-listen-on-ipv6-by-default.sh: info: Enabled listen on IPv6 in /etc/nginx/conf.d/default.conf","container_id":"1c815d444a0d01c4d1e9b79af1220deacc7b43e53ec15d48fc7717b8b13988ea","container_name":"/fluentd-elastic-stack-ver0.0.1-nginx_d_1"}
2022-06-13T00:51:56+00:00	nginx.hello2	{"container_id":"1c815d444a0d01c4d1e9b79af1220deacc7b43e53ec15d48fc7717b8b13988ea","container_name":"/fluentd-elastic-stack-ver0.0.1-nginx_d_1","source":"stdout","log":"/docker-entrypoint.sh: Launching /docker-entrypoint.d/20-envsubst-on-templates.sh"}
2022-06-13T00:51:56+00:00	nginx.hello2	{"log":"/docker-entrypoint.sh: Launching /docker-entrypoint.d/30-tune-worker-processes.sh","container_id":"1c815d444a0d01c4d1e9b79af1220deacc7b43e53ec15d48fc7717b8b13988ea","container_name":"/fluentd-elastic-stack-ver0.0.1-nginx_d_1","source":"stdout"}
2022-06-13T00:51:56+00:00	nginx.hello2	{"container_id":"1c815d444a0d01c4d1e9b79af1220deacc7b43e53ec15d48fc7717b8b13988ea","container_name":"/fluentd-elastic-stack-ver0.0.1-nginx_d_1","source":"stdout","log":"/docker-entrypoint.sh: Configuration complete; ready for start up"}
2022-06-13T00:51:57+00:00	nginx.hello2	{"container_id":"1c815d444a0d01c4d1e9b79af1220deacc7b43e53ec15d48fc7717b8b13988ea","container_name":"/fluentd-elastic-stack-ver0.0.1-nginx_d_1","source":"stderr","log":"2022/06/13 00:51:57 [notice] 1#1: using the \"epoll\" event method"}
2022-06-13T00:51:57+00:00	nginx.hello2	{"container_name":"/fluentd-elastic-stack-ver0.0.1-nginx_d_1","source":"stderr","log":"2022/06/13 00:51:57 [notice] 1#1: nginx/1.21.6","container_id":"1c815d444a0d01c4d1e9b79af1220deacc7b43e53ec15d48fc7717b8b13988ea"}
2022-06-13T00:51:57+00:00	nginx.hello2	{"source":"stderr","log":"2022/06/13 00:51:57 [notice] 1#1: built by gcc 10.2.1 20210110 (Debian 10.2.1-6) ","container_id":"1c815d444a0d01c4d1e9b79af1220deacc7b43e53ec15d48fc7717b8b13988ea","container_name":"/fluentd-elastic-stack-ver0.0.1-nginx_d_1"}
2022-06-13T00:51:57+00:00	nginx.hello2	{"container_id":"1c815d444a0d01c4d1e9b79af1220deacc7b43e53ec15d48fc7717b8b13988ea","container_name":"/fluentd-elastic-stack-ver0.0.1-nginx_d_1","source":"stderr","log":"2022/06/13 00:51:57 [notice] 1#1: OS: Linux 5.10.104-linuxkit"}
2022-06-13T00:51:57+00:00	nginx.hello2	{"source":"stderr","log":"2022/06/13 00:51:57 [notice] 1#1: getrlimit(RLIMIT_NOFILE): 1048576:1048576","container_id":"1c815d444a0d01c4d1e9b79af1220deacc7b43e53ec15d48fc7717b8b13988ea","container_name":"/fluentd-elastic-stack-ver0.0.1-nginx_d_1"}
2022-06-13T00:51:57+00:00	nginx.hello2	{"container_id":"1c815d444a0d01c4d1e9b79af1220deacc7b43e53ec15d48fc7717b8b13988ea","container_name":"/fluentd-elastic-stack-ver0.0.1-nginx_d_1","source":"stderr","log":"2022/06/13 00:51:57 [notice] 1#1: start worker processes"}
2022-06-13T00:51:57+00:00	nginx.hello2	{"container_id":"1c815d444a0d01c4d1e9b79af1220deacc7b43e53ec15d48fc7717b8b13988ea","container_name":"/fluentd-elastic-stack-ver0.0.1-nginx_d_1","source":"stderr","log":"2022/06/13 00:51:57 [notice] 1#1: start worker process 31"}
2022-06-13T00:51:57+00:00	nginx.hello2	{"container_name":"/fluentd-elastic-stack-ver0.0.1-nginx_d_1","source":"stderr","log":"2022/06/13 00:51:57 [notice] 1#1: start worker process 32","container_id":"1c815d444a0d01c4d1e9b79af1220deacc7b43e53ec15d48fc7717b8b13988ea"}
2022-06-13T00:51:57+00:00	nginx.hello2	{"source":"stderr","log":"2022/06/13 00:51:57 [notice] 1#1: start worker process 33","container_id":"1c815d444a0d01c4d1e9b79af1220deacc7b43e53ec15d48fc7717b8b13988ea","container_name":"/fluentd-elastic-stack-ver0.0.1-nginx_d_1"}
2022-06-13T00:51:57+00:00	nginx.hello2	{"container_name":"/fluentd-elastic-stack-ver0.0.1-nginx_d_1","source":"stderr","log":"2022/06/13 00:51:57 [notice] 1#1: start worker process 34","container_id":"1c815d444a0d01c4d1e9b79af1220deacc7b43e53ec15d48fc7717b8b13988ea"}
2022-06-13T00:51:56+00:00	nginx.hello	{"container_id":"a5e96fe39d80cced0d932b0ad9ccd0feea3b7c8285b4479a7cefa5ee706c242f","container_name":"/fluentd-elastic-stack-ver0.0.1-nginx_d","source":"stdout","log":"/docker-entrypoint.sh: /docker-entrypoint.d/ is not empty, will attempt to perform configuration"}
2022-06-13T00:51:56+00:00	nginx.hello	{"container_id":"a5e96fe39d80cced0d932b0ad9ccd0feea3b7c8285b4479a7cefa5ee706c242f","container_name":"/fluentd-elastic-stack-ver0.0.1-nginx_d","source":"stdout","log":"/docker-entrypoint.sh: Looking for shell scripts in /docker-entrypoint.d/"}
2022-06-13T00:51:56+00:00	nginx.hello	{"container_name":"/fluentd-elastic-stack-ver0.0.1-nginx_d","source":"stdout","log":"/docker-entrypoint.sh: Launching /docker-entrypoint.d/10-listen-on-ipv6-by-default.sh","container_id":"a5e96fe39d80cced0d932b0ad9ccd0feea3b7c8285b4479a7cefa5ee706c242f"}
2022-06-13T00:51:56+00:00	nginx.hello	{"source":"stdout","log":"10-listen-on-ipv6-by-default.sh: info: Getting the checksum of /etc/nginx/conf.d/default.conf","container_id":"a5e96fe39d80cced0d932b0ad9ccd0feea3b7c8285b4479a7cefa5ee706c242f","container_name":"/fluentd-elastic-stack-ver0.0.1-nginx_d"}
2022-06-13T00:51:56+00:00	nginx.hello	{"container_id":"a5e96fe39d80cced0d932b0ad9ccd0feea3b7c8285b4479a7cefa5ee706c242f","container_name":"/fluentd-elastic-stack-ver0.0.1-nginx_d","source":"stdout","log":"10-listen-on-ipv6-by-default.sh: info: Enabled listen on IPv6 in /etc/nginx/conf.d/default.conf"}
2022-06-13T00:51:56+00:00	nginx.hello	{"container_name":"/fluentd-elastic-stack-ver0.0.1-nginx_d","source":"stdout","log":"/docker-entrypoint.sh: Launching /docker-entrypoint.d/20-envsubst-on-templates.sh","container_id":"a5e96fe39d80cced0d932b0ad9ccd0feea3b7c8285b4479a7cefa5ee706c242f"}
2022-06-13T00:51:56+00:00	nginx.hello	{"container_id":"a5e96fe39d80cced0d932b0ad9ccd0feea3b7c8285b4479a7cefa5ee706c242f","container_name":"/fluentd-elastic-stack-ver0.0.1-nginx_d","source":"stdout","log":"/docker-entrypoint.sh: Launching /docker-entrypoint.d/30-tune-worker-processes.sh"}
2022-06-13T00:51:56+00:00	nginx.hello	{"container_id":"a5e96fe39d80cced0d932b0ad9ccd0feea3b7c8285b4479a7cefa5ee706c242f","container_name":"/fluentd-elastic-stack-ver0.0.1-nginx_d","source":"stdout","log":"/docker-entrypoint.sh: Configuration complete; ready for start up"}
2022-06-13T00:51:57+00:00	nginx.hello	{"container_id":"a5e96fe39d80cced0d932b0ad9ccd0feea3b7c8285b4479a7cefa5ee706c242f","container_name":"/fluentd-elastic-stack-ver0.0.1-nginx_d","source":"stderr","log":"2022/06/13 00:51:57 [notice] 1#1: using the \"epoll\" event method"}
2022-06-13T00:51:57+00:00	nginx.hello	{"log":"2022/06/13 00:51:57 [notice] 1#1: nginx/1.21.6","container_id":"a5e96fe39d80cced0d932b0ad9ccd0feea3b7c8285b4479a7cefa5ee706c242f","container_name":"/fluentd-elastic-stack-ver0.0.1-nginx_d","source":"stderr"}
2022-06-13T00:51:57+00:00	nginx.hello	{"container_id":"a5e96fe39d80cced0d932b0ad9ccd0feea3b7c8285b4479a7cefa5ee706c242f","container_name":"/fluentd-elastic-stack-ver0.0.1-nginx_d","source":"stderr","log":"2022/06/13 00:51:57 [notice] 1#1: built by gcc 10.2.1 20210110 (Debian 10.2.1-6) "}
2022-06-13T00:51:57+00:00	nginx.hello	{"container_id":"a5e96fe39d80cced0d932b0ad9ccd0feea3b7c8285b4479a7cefa5ee706c242f","container_name":"/fluentd-elastic-stack-ver0.0.1-nginx_d","source":"stderr","log":"2022/06/13 00:51:57 [notice] 1#1: OS: Linux 5.10.104-linuxkit"}
2022-06-13T00:51:57+00:00	nginx.hello	{"container_id":"a5e96fe39d80cced0d932b0ad9ccd0feea3b7c8285b4479a7cefa5ee706c242f","container_name":"/fluentd-elastic-stack-ver0.0.1-nginx_d","source":"stderr","log":"2022/06/13 00:51:57 [notice] 1#1: getrlimit(RLIMIT_NOFILE): 1048576:1048576"}
2022-06-13T00:51:57+00:00	nginx.hello	{"source":"stderr","log":"2022/06/13 00:51:57 [notice] 1#1: start worker processes","container_id":"a5e96fe39d80cced0d932b0ad9ccd0feea3b7c8285b4479a7cefa5ee706c242f","container_name":"/fluentd-elastic-stack-ver0.0.1-nginx_d"}
2022-06-13T00:51:57+00:00	nginx.hello	{"log":"2022/06/13 00:51:57 [notice] 1#1: start worker process 32","container_id":"a5e96fe39d80cced0d932b0ad9ccd0feea3b7c8285b4479a7cefa5ee706c242f","container_name":"/fluentd-elastic-stack-ver0.0.1-nginx_d","source":"stderr"}
2022-06-13T00:51:57+00:00	nginx.hello	{"source":"stderr","log":"2022/06/13 00:51:57 [notice] 1#1: start worker process 33","container_id":"a5e96fe39d80cced0d932b0ad9ccd0feea3b7c8285b4479a7cefa5ee706c242f","container_name":"/fluentd-elastic-stack-ver0.0.1-nginx_d"}
2022-06-13T00:51:57+00:00	nginx.hello	{"container_id":"a5e96fe39d80cced0d932b0ad9ccd0feea3b7c8285b4479a7cefa5ee706c242f","container_name":"/fluentd-elastic-stack-ver0.0.1-nginx_d","source":"stderr","log":"2022/06/13 00:51:57 [notice] 1#1: start worker process 34"}
2022-06-13T00:51:57+00:00	nginx.hello	{"log":"2022/06/13 00:51:57 [notice] 1#1: start worker process 35","container_id":"a5e96fe39d80cced0d932b0ad9ccd0feea3b7c8285b4479a7cefa5ee706c242f","container_name":"/fluentd-elastic-stack-ver0.0.1-nginx_d","source":"stderr"}
2022-06-13T00:53:06+00:00	nginx.hello	{"container_id":"a5e96fe39d80cced0d932b0ad9ccd0feea3b7c8285b4479a7cefa5ee706c242f","container_name":"/fluentd-elastic-stack-ver0.0.1-nginx_d","source":"stdout","log":"11.254.249.1 - - [13/Jun/2022:00:53:06 +0000] \"GET / HTTP/1.1\" 200 615 \"-\" \"Mozilla/5.0 (Macintosh; Intel Mac OS X 10_15_7) AppleWebKit/537.36 (KHTML, like Gecko) Chrome/102.0.5005.61 Safari/537.36\" \"-\""}
2022-06-13T00:53:10+00:00	nginx.hello	{"container_id":"a5e96fe39d80cced0d932b0ad9ccd0feea3b7c8285b4479a7cefa5ee706c242f","container_name":"/fluentd-elastic-stack-ver0.0.1-nginx_d","source":"stderr","log":"2022/06/13 00:53:10 [error] 32#32: *1 open() \"/usr/share/nginx/html/favicon.ico\" failed (2: No such file or directory), client: 11.254.249.1, server: localhost, request: \"GET /favicon.ico HTTP/1.1\", host: \"0.0.0.0\", referrer: \"http://0.0.0.0/\""}
2022-06-13T00:53:10+00:00	nginx.hello	{"source":"stdout","log":"11.254.249.1 - - [13/Jun/2022:00:53:10 +0000] \"GET /favicon.ico HTTP/1.1\" 404 555 \"http://0.0.0.0/\" \"Mozilla/5.0 (Macintosh; Intel Mac OS X 10_15_7) AppleWebKit/537.36 (KHTML, like Gecko) Chrome/102.0.5005.61 Safari/537.36\" \"-\"","container_id":"a5e96fe39d80cced0d932b0ad9ccd0feea3b7c8285b4479a7cefa5ee706c242f","container_name":"/fluentd-elastic-stack-ver0.0.1-nginx_d"}
2022-06-13T00:53:13+00:00	nginx.hello	{"container_id":"a5e96fe39d80cced0d932b0ad9ccd0feea3b7c8285b4479a7cefa5ee706c242f","container_name":"/fluentd-elastic-stack-ver0.0.1-nginx_d","source":"stdout","log":"11.254.249.1 - - [13/Jun/2022:00:53:13 +0000] \"GET / HTTP/1.1\" 304 0 \"-\" \"Mozilla/5.0 (Macintosh; Intel Mac OS X 10_15_7) AppleWebKit/537.36 (KHTML, like Gecko) Chrome/102.0.5005.61 Safari/537.36\" \"-\""}
2022-06-13T00:53:13+00:00	nginx.hello	{"container_id":"a5e96fe39d80cced0d932b0ad9ccd0feea3b7c8285b4479a7cefa5ee706c242f","container_name":"/fluentd-elastic-stack-ver0.0.1-nginx_d","source":"stdout","log":"11.254.249.1 - - [13/Jun/2022:00:53:13 +0000] \"GET / HTTP/1.1\" 304 0 \"-\" \"Mozilla/5.0 (Macintosh; Intel Mac OS X 10_15_7) AppleWebKit/537.36 (KHTML, like Gecko) Chrome/102.0.5005.61 Safari/537.36\" \"-\""}
2022-06-13T00:53:13+00:00	nginx.hello	{"container_id":"a5e96fe39d80cced0d932b0ad9ccd0feea3b7c8285b4479a7cefa5ee706c242f","container_name":"/fluentd-elastic-stack-ver0.0.1-nginx_d","source":"stdout","log":"11.254.249.1 - - [13/Jun/2022:00:53:13 +0000] \"GET / HTTP/1.1\" 304 0 \"-\" \"Mozilla/5.0 (Macintosh; Intel Mac OS X 10_15_7) AppleWebKit/537.36 (KHTML, like Gecko) Chrome/102.0.5005.61 Safari/537.36\" \"-\""}
2022-06-13T00:53:13+00:00	nginx.hello	{"container_name":"/fluentd-elastic-stack-ver0.0.1-nginx_d","source":"stdout","log":"11.254.249.1 - - [13/Jun/2022:00:53:13 +0000] \"GET / HTTP/1.1\" 304 0 \"-\" \"Mozilla/5.0 (Macintosh; Intel Mac OS X 10_15_7) AppleWebKit/537.36 (KHTML, like Gecko) Chrome/102.0.5005.61 Safari/537.36\" \"-\"","container_id":"a5e96fe39d80cced0d932b0ad9ccd0feea3b7c8285b4479a7cefa5ee706c242f"}
2022-06-13T00:53:14+00:00	nginx.hello	{"container_id":"a5e96fe39d80cced0d932b0ad9ccd0feea3b7c8285b4479a7cefa5ee706c242f","container_name":"/fluentd-elastic-stack-ver0.0.1-nginx_d","source":"stdout","log":"11.254.249.1 - - [13/Jun/2022:00:53:14 +0000] \"GET / HTTP/1.1\" 304 0 \"-\" \"Mozilla/5.0 (Macintosh; Intel Mac OS X 10_15_7) AppleWebKit/537.36 (KHTML, like Gecko) Chrome/102.0.5005.61 Safari/537.36\" \"-\""}
2022-06-13T00:53:14+00:00	nginx.hello	{"container_id":"a5e96fe39d80cced0d932b0ad9ccd0feea3b7c8285b4479a7cefa5ee706c242f","container_name":"/fluentd-elastic-stack-ver0.0.1-nginx_d","source":"stdout","log":"11.254.249.1 - - [13/Jun/2022:00:53:14 +0000] \"GET / HTTP/1.1\" 304 0 \"-\" \"Mozilla/5.0 (Macintosh; Intel Mac OS X 10_15_7) AppleWebKit/537.36 (KHTML, like Gecko) Chrome/102.0.5005.61 Safari/537.36\" \"-\""}
2022-06-13T02:49:47+00:00	fluent.info	{"pid":17,"ppid":8,"worker":0,"message":"starting fluentd worker pid=17 ppid=8 worker=0"}
2022-06-13T02:49:47+00:00	fluent.info	{"port":24224,"bind":"0.0.0.0","message":"listening port port=24224 bind=\"0.0.0.0\""}
2022-06-13T02:49:47+00:00	fluent.info	{"worker":0,"message":"fluentd worker is now running worker=0"}
2022-06-13T02:49:44+00:00	nginx.hello2	{"container_name":"/fluentd-elastic-stack-ver0.0.1-nginx_d_1","source":"stdout","log":"/docker-entrypoint.sh: /docker-entrypoint.d/ is not empty, will attempt to perform configuration","container_id":"68526b1e33f68ae4b3c16b8e53b4a89c01ccc6a04791e564a2c43660f017473d"}
2022-06-13T02:49:44+00:00	nginx.hello2	{"log":"/docker-entrypoint.sh: Looking for shell scripts in /docker-entrypoint.d/","container_id":"68526b1e33f68ae4b3c16b8e53b4a89c01ccc6a04791e564a2c43660f017473d","container_name":"/fluentd-elastic-stack-ver0.0.1-nginx_d_1","source":"stdout"}
2022-06-13T02:49:44+00:00	nginx.hello2	{"container_id":"68526b1e33f68ae4b3c16b8e53b4a89c01ccc6a04791e564a2c43660f017473d","container_name":"/fluentd-elastic-stack-ver0.0.1-nginx_d_1","source":"stdout","log":"/docker-entrypoint.sh: Launching /docker-entrypoint.d/10-listen-on-ipv6-by-default.sh"}
2022-06-13T02:49:44+00:00	nginx.hello2	{"log":"10-listen-on-ipv6-by-default.sh: info: IPv6 listen already enabled","container_id":"68526b1e33f68ae4b3c16b8e53b4a89c01ccc6a04791e564a2c43660f017473d","container_name":"/fluentd-elastic-stack-ver0.0.1-nginx_d_1","source":"stdout"}
2022-06-13T02:49:44+00:00	nginx.hello2	{"log":"/docker-entrypoint.sh: Launching /docker-entrypoint.d/20-envsubst-on-templates.sh","container_id":"68526b1e33f68ae4b3c16b8e53b4a89c01ccc6a04791e564a2c43660f017473d","container_name":"/fluentd-elastic-stack-ver0.0.1-nginx_d_1","source":"stdout"}
2022-06-13T02:49:44+00:00	nginx.hello2	{"log":"/docker-entrypoint.sh: Launching /docker-entrypoint.d/30-tune-worker-processes.sh","container_id":"68526b1e33f68ae4b3c16b8e53b4a89c01ccc6a04791e564a2c43660f017473d","container_name":"/fluentd-elastic-stack-ver0.0.1-nginx_d_1","source":"stdout"}
2022-06-13T02:49:44+00:00	nginx.hello2	{"container_id":"68526b1e33f68ae4b3c16b8e53b4a89c01ccc6a04791e564a2c43660f017473d","container_name":"/fluentd-elastic-stack-ver0.0.1-nginx_d_1","source":"stdout","log":"/docker-entrypoint.sh: Configuration complete; ready for start up"}
2022-06-13T02:49:44+00:00	nginx.hello2	{"container_name":"/fluentd-elastic-stack-ver0.0.1-nginx_d_1","source":"stderr","log":"2022/06/13 02:49:44 [notice] 1#1: using the \"epoll\" event method","container_id":"68526b1e33f68ae4b3c16b8e53b4a89c01ccc6a04791e564a2c43660f017473d"}
2022-06-13T02:49:44+00:00	nginx.hello2	{"source":"stderr","log":"2022/06/13 02:49:44 [notice] 1#1: nginx/1.21.6","container_id":"68526b1e33f68ae4b3c16b8e53b4a89c01ccc6a04791e564a2c43660f017473d","container_name":"/fluentd-elastic-stack-ver0.0.1-nginx_d_1"}
2022-06-13T02:49:44+00:00	nginx.hello2	{"container_id":"68526b1e33f68ae4b3c16b8e53b4a89c01ccc6a04791e564a2c43660f017473d","container_name":"/fluentd-elastic-stack-ver0.0.1-nginx_d_1","source":"stderr","log":"2022/06/13 02:49:44 [notice] 1#1: built by gcc 10.2.1 20210110 (Debian 10.2.1-6) "}
2022-06-13T02:49:44+00:00	nginx.hello2	{"source":"stderr","log":"2022/06/13 02:49:44 [notice] 1#1: OS: Linux 5.10.104-linuxkit","container_id":"68526b1e33f68ae4b3c16b8e53b4a89c01ccc6a04791e564a2c43660f017473d","container_name":"/fluentd-elastic-stack-ver0.0.1-nginx_d_1"}
2022-06-13T02:49:44+00:00	nginx.hello2	{"container_id":"68526b1e33f68ae4b3c16b8e53b4a89c01ccc6a04791e564a2c43660f017473d","container_name":"/fluentd-elastic-stack-ver0.0.1-nginx_d_1","source":"stderr","log":"2022/06/13 02:49:44 [notice] 1#1: getrlimit(RLIMIT_NOFILE): 1048576:1048576"}
2022-06-13T02:49:44+00:00	nginx.hello2	{"log":"2022/06/13 02:49:44 [notice] 1#1: start worker processes","container_id":"68526b1e33f68ae4b3c16b8e53b4a89c01ccc6a04791e564a2c43660f017473d","container_name":"/fluentd-elastic-stack-ver0.0.1-nginx_d_1","source":"stderr"}
2022-06-13T02:49:44+00:00	nginx.hello2	{"container_id":"68526b1e33f68ae4b3c16b8e53b4a89c01ccc6a04791e564a2c43660f017473d","container_name":"/fluentd-elastic-stack-ver0.0.1-nginx_d_1","source":"stderr","log":"2022/06/13 02:49:44 [notice] 1#1: start worker process 25"}
2022-06-13T02:49:44+00:00	nginx.hello2	{"log":"2022/06/13 02:49:44 [notice] 1#1: start worker process 26","container_id":"68526b1e33f68ae4b3c16b8e53b4a89c01ccc6a04791e564a2c43660f017473d","container_name":"/fluentd-elastic-stack-ver0.0.1-nginx_d_1","source":"stderr"}
2022-06-13T02:49:44+00:00	nginx.hello2	{"source":"stderr","log":"2022/06/13 02:49:44 [notice] 1#1: start worker process 27","container_id":"68526b1e33f68ae4b3c16b8e53b4a89c01ccc6a04791e564a2c43660f017473d","container_name":"/fluentd-elastic-stack-ver0.0.1-nginx_d_1"}
2022-06-13T02:49:44+00:00	nginx.hello	{"container_id":"1f2b0ceaccd9e418abcfe7479957e6c0476b5982414f10f02319148e6d1289bc","container_name":"/fluentd-elastic-stack-ver0.0.1-nginx_d","source":"stdout","log":"/docker-entrypoint.sh: /docker-entrypoint.d/ is not empty, will attempt to perform configuration"}
2022-06-13T02:49:44+00:00	nginx.hello	{"container_id":"1f2b0ceaccd9e418abcfe7479957e6c0476b5982414f10f02319148e6d1289bc","container_name":"/fluentd-elastic-stack-ver0.0.1-nginx_d","source":"stdout","log":"/docker-entrypoint.sh: Looking for shell scripts in /docker-entrypoint.d/"}
2022-06-13T02:49:44+00:00	nginx.hello	{"container_name":"/fluentd-elastic-stack-ver0.0.1-nginx_d","source":"stdout","log":"/docker-entrypoint.sh: Launching /docker-entrypoint.d/10-listen-on-ipv6-by-default.sh","container_id":"1f2b0ceaccd9e418abcfe7479957e6c0476b5982414f10f02319148e6d1289bc"}
2022-06-13T02:49:44+00:00	nginx.hello	{"container_id":"1f2b0ceaccd9e418abcfe7479957e6c0476b5982414f10f02319148e6d1289bc","container_name":"/fluentd-elastic-stack-ver0.0.1-nginx_d","source":"stdout","log":"10-listen-on-ipv6-by-default.sh: info: IPv6 listen already enabled"}
2022-06-13T02:49:44+00:00	nginx.hello	{"container_id":"1f2b0ceaccd9e418abcfe7479957e6c0476b5982414f10f02319148e6d1289bc","container_name":"/fluentd-elastic-stack-ver0.0.1-nginx_d","source":"stdout","log":"/docker-entrypoint.sh: Launching /docker-entrypoint.d/20-envsubst-on-templates.sh"}
2022-06-13T02:49:44+00:00	nginx.hello	{"container_name":"/fluentd-elastic-stack-ver0.0.1-nginx_d","source":"stdout","log":"/docker-entrypoint.sh: Launching /docker-entrypoint.d/30-tune-worker-processes.sh","container_id":"1f2b0ceaccd9e418abcfe7479957e6c0476b5982414f10f02319148e6d1289bc"}
2022-06-13T02:49:44+00:00	nginx.hello	{"container_name":"/fluentd-elastic-stack-ver0.0.1-nginx_d","source":"stdout","log":"/docker-entrypoint.sh: Configuration complete; ready for start up","container_id":"1f2b0ceaccd9e418abcfe7479957e6c0476b5982414f10f02319148e6d1289bc"}
2022-06-13T02:49:44+00:00	nginx.hello	{"container_name":"/fluentd-elastic-stack-ver0.0.1-nginx_d","source":"stderr","log":"2022/06/13 02:49:44 [notice] 1#1: using the \"epoll\" event method","container_id":"1f2b0ceaccd9e418abcfe7479957e6c0476b5982414f10f02319148e6d1289bc"}
2022-06-13T02:49:44+00:00	nginx.hello	{"container_id":"1f2b0ceaccd9e418abcfe7479957e6c0476b5982414f10f02319148e6d1289bc","container_name":"/fluentd-elastic-stack-ver0.0.1-nginx_d","source":"stderr","log":"2022/06/13 02:49:44 [notice] 1#1: nginx/1.21.6"}
2022-06-13T02:49:44+00:00	nginx.hello	{"container_id":"1f2b0ceaccd9e418abcfe7479957e6c0476b5982414f10f02319148e6d1289bc","container_name":"/fluentd-elastic-stack-ver0.0.1-nginx_d","source":"stderr","log":"2022/06/13 02:49:44 [notice] 1#1: built by gcc 10.2.1 20210110 (Debian 10.2.1-6) "}
2022-06-13T02:49:44+00:00	nginx.hello	{"container_id":"1f2b0ceaccd9e418abcfe7479957e6c0476b5982414f10f02319148e6d1289bc","container_name":"/fluentd-elastic-stack-ver0.0.1-nginx_d","source":"stderr","log":"2022/06/13 02:49:44 [notice] 1#1: OS: Linux 5.10.104-linuxkit"}
2022-06-13T02:49:44+00:00	nginx.hello	{"log":"2022/06/13 02:49:44 [notice] 1#1: getrlimit(RLIMIT_NOFILE): 1048576:1048576","container_id":"1f2b0ceaccd9e418abcfe7479957e6c0476b5982414f10f02319148e6d1289bc","container_name":"/fluentd-elastic-stack-ver0.0.1-nginx_d","source":"stderr"}
2022-06-13T02:49:44+00:00	nginx.hello	{"container_name":"/fluentd-elastic-stack-ver0.0.1-nginx_d","source":"stderr","log":"2022/06/13 02:49:44 [notice] 1#1: start worker processes","container_id":"1f2b0ceaccd9e418abcfe7479957e6c0476b5982414f10f02319148e6d1289bc"}
2022-06-13T02:49:44+00:00	nginx.hello	{"source":"stderr","log":"2022/06/13 02:49:44 [notice] 1#1: start worker process 25","container_id":"1f2b0ceaccd9e418abcfe7479957e6c0476b5982414f10f02319148e6d1289bc","container_name":"/fluentd-elastic-stack-ver0.0.1-nginx_d"}
2022-06-13T02:49:44+00:00	nginx.hello	{"container_id":"1f2b0ceaccd9e418abcfe7479957e6c0476b5982414f10f02319148e6d1289bc","container_name":"/fluentd-elastic-stack-ver0.0.1-nginx_d","source":"stderr","log":"2022/06/13 02:49:44 [notice] 1#1: start worker process 26"}
2022-06-13T02:49:44+00:00	nginx.hello	{"container_id":"1f2b0ceaccd9e418abcfe7479957e6c0476b5982414f10f02319148e6d1289bc","container_name":"/fluentd-elastic-stack-ver0.0.1-nginx_d","source":"stderr","log":"2022/06/13 02:49:44 [notice] 1#1: start worker process 27"}
2022-06-13T02:49:44+00:00	nginx.hello	{"source":"stderr","log":"2022/06/13 02:49:44 [notice] 1#1: start worker process 28","container_id":"1f2b0ceaccd9e418abcfe7479957e6c0476b5982414f10f02319148e6d1289bc","container_name":"/fluentd-elastic-stack-ver0.0.1-nginx_d"}
2022-06-13T02:49:44+00:00	nginx.hello2	{"log":"2022/06/13 02:49:44 [notice] 1#1: start worker process 28","container_id":"68526b1e33f68ae4b3c16b8e53b4a89c01ccc6a04791e564a2c43660f017473d","container_name":"/fluentd-elastic-stack-ver0.0.1-nginx_d_1","source":"stderr"}
2022-06-13T02:54:37+00:00	fluent.info	{"pid":17,"ppid":8,"worker":0,"message":"starting fluentd worker pid=17 ppid=8 worker=0"}
2022-06-13T02:54:37+00:00	fluent.info	{"port":24224,"bind":"0.0.0.0","message":"listening port port=24224 bind=\"0.0.0.0\""}
2022-06-13T02:54:37+00:00	fluent.info	{"worker":0,"message":"fluentd worker is now running worker=0"}
2022-06-13T02:54:34+00:00	nginx.hello	{"container_id":"ef61a72660b0c4b824d80099e77457200c0dff1a026e79fecedb57f88bde88ae","container_name":"/fluentd-elastic-stack-ver0.0.1-nginx_d","source":"stdout","log":"/docker-entrypoint.sh: /docker-entrypoint.d/ is not empty, will attempt to perform configuration"}
2022-06-13T02:54:34+00:00	nginx.hello	{"source":"stdout","log":"/docker-entrypoint.sh: Looking for shell scripts in /docker-entrypoint.d/","container_id":"ef61a72660b0c4b824d80099e77457200c0dff1a026e79fecedb57f88bde88ae","container_name":"/fluentd-elastic-stack-ver0.0.1-nginx_d"}
2022-06-13T02:54:34+00:00	nginx.hello	{"container_id":"ef61a72660b0c4b824d80099e77457200c0dff1a026e79fecedb57f88bde88ae","container_name":"/fluentd-elastic-stack-ver0.0.1-nginx_d","source":"stdout","log":"/docker-entrypoint.sh: Launching /docker-entrypoint.d/10-listen-on-ipv6-by-default.sh"}
2022-06-13T02:54:34+00:00	nginx.hello	{"container_id":"ef61a72660b0c4b824d80099e77457200c0dff1a026e79fecedb57f88bde88ae","container_name":"/fluentd-elastic-stack-ver0.0.1-nginx_d","source":"stdout","log":"10-listen-on-ipv6-by-default.sh: info: Getting the checksum of /etc/nginx/conf.d/default.conf"}
2022-06-13T02:54:34+00:00	nginx.hello	{"log":"10-listen-on-ipv6-by-default.sh: info: Enabled listen on IPv6 in /etc/nginx/conf.d/default.conf","container_id":"ef61a72660b0c4b824d80099e77457200c0dff1a026e79fecedb57f88bde88ae","container_name":"/fluentd-elastic-stack-ver0.0.1-nginx_d","source":"stdout"}
2022-06-13T02:54:34+00:00	nginx.hello	{"source":"stdout","log":"/docker-entrypoint.sh: Launching /docker-entrypoint.d/20-envsubst-on-templates.sh","container_id":"ef61a72660b0c4b824d80099e77457200c0dff1a026e79fecedb57f88bde88ae","container_name":"/fluentd-elastic-stack-ver0.0.1-nginx_d"}
2022-06-13T02:54:34+00:00	nginx.hello	{"container_id":"ef61a72660b0c4b824d80099e77457200c0dff1a026e79fecedb57f88bde88ae","container_name":"/fluentd-elastic-stack-ver0.0.1-nginx_d","source":"stdout","log":"/docker-entrypoint.sh: Launching /docker-entrypoint.d/30-tune-worker-processes.sh"}
2022-06-13T02:54:34+00:00	nginx.hello	{"container_id":"ef61a72660b0c4b824d80099e77457200c0dff1a026e79fecedb57f88bde88ae","container_name":"/fluentd-elastic-stack-ver0.0.1-nginx_d","source":"stdout","log":"/docker-entrypoint.sh: Configuration complete; ready for start up"}
2022-06-13T02:54:34+00:00	nginx.hello	{"source":"stderr","log":"2022/06/13 02:54:34 [notice] 1#1: using the \"epoll\" event method","container_id":"ef61a72660b0c4b824d80099e77457200c0dff1a026e79fecedb57f88bde88ae","container_name":"/fluentd-elastic-stack-ver0.0.1-nginx_d"}
2022-06-13T02:54:34+00:00	nginx.hello	{"container_id":"ef61a72660b0c4b824d80099e77457200c0dff1a026e79fecedb57f88bde88ae","container_name":"/fluentd-elastic-stack-ver0.0.1-nginx_d","source":"stderr","log":"2022/06/13 02:54:34 [notice] 1#1: nginx/1.21.6"}
2022-06-13T02:54:34+00:00	nginx.hello	{"source":"stderr","log":"2022/06/13 02:54:34 [notice] 1#1: built by gcc 10.2.1 20210110 (Debian 10.2.1-6) ","container_id":"ef61a72660b0c4b824d80099e77457200c0dff1a026e79fecedb57f88bde88ae","container_name":"/fluentd-elastic-stack-ver0.0.1-nginx_d"}
2022-06-13T02:54:34+00:00	nginx.hello	{"container_id":"ef61a72660b0c4b824d80099e77457200c0dff1a026e79fecedb57f88bde88ae","container_name":"/fluentd-elastic-stack-ver0.0.1-nginx_d","source":"stderr","log":"2022/06/13 02:54:34 [notice] 1#1: OS: Linux 5.10.104-linuxkit"}
2022-06-13T02:54:34+00:00	nginx.hello	{"container_name":"/fluentd-elastic-stack-ver0.0.1-nginx_d","source":"stderr","log":"2022/06/13 02:54:34 [notice] 1#1: getrlimit(RLIMIT_NOFILE): 1048576:1048576","container_id":"ef61a72660b0c4b824d80099e77457200c0dff1a026e79fecedb57f88bde88ae"}
2022-06-13T02:54:34+00:00	nginx.hello	{"log":"2022/06/13 02:54:34 [notice] 1#1: start worker processes","container_id":"ef61a72660b0c4b824d80099e77457200c0dff1a026e79fecedb57f88bde88ae","container_name":"/fluentd-elastic-stack-ver0.0.1-nginx_d","source":"stderr"}
2022-06-13T02:54:34+00:00	nginx.hello	{"source":"stderr","log":"2022/06/13 02:54:34 [notice] 1#1: start worker process 31","container_id":"ef61a72660b0c4b824d80099e77457200c0dff1a026e79fecedb57f88bde88ae","container_name":"/fluentd-elastic-stack-ver0.0.1-nginx_d"}
2022-06-13T02:54:34+00:00	nginx.hello	{"container_name":"/fluentd-elastic-stack-ver0.0.1-nginx_d","source":"stderr","log":"2022/06/13 02:54:34 [notice] 1#1: start worker process 32","container_id":"ef61a72660b0c4b824d80099e77457200c0dff1a026e79fecedb57f88bde88ae"}
2022-06-13T02:54:34+00:00	nginx.hello	{"log":"2022/06/13 02:54:34 [notice] 1#1: start worker process 33","container_id":"ef61a72660b0c4b824d80099e77457200c0dff1a026e79fecedb57f88bde88ae","container_name":"/fluentd-elastic-stack-ver0.0.1-nginx_d","source":"stderr"}
2022-06-13T02:54:34+00:00	nginx.hello	{"source":"stderr","log":"2022/06/13 02:54:34 [notice] 1#1: start worker process 34","container_id":"ef61a72660b0c4b824d80099e77457200c0dff1a026e79fecedb57f88bde88ae","container_name":"/fluentd-elastic-stack-ver0.0.1-nginx_d"}
2022-06-13T02:54:34+00:00	nginx.hello2	{"container_name":"/fluentd-elastic-stack-ver0.0.1-nginx_d_1","source":"stdout","log":"/docker-entrypoint.sh: /docker-entrypoint.d/ is not empty, will attempt to perform configuration","container_id":"35d59084689cc7ae06cc21e9944471b4b05feec49ec572becaa3a8e0a3e937e5"}
2022-06-13T02:54:34+00:00	nginx.hello2	{"log":"/docker-entrypoint.sh: Looking for shell scripts in /docker-entrypoint.d/","container_id":"35d59084689cc7ae06cc21e9944471b4b05feec49ec572becaa3a8e0a3e937e5","container_name":"/fluentd-elastic-stack-ver0.0.1-nginx_d_1","source":"stdout"}
2022-06-13T02:54:34+00:00	nginx.hello2	{"container_name":"/fluentd-elastic-stack-ver0.0.1-nginx_d_1","source":"stdout","log":"/docker-entrypoint.sh: Launching /docker-entrypoint.d/10-listen-on-ipv6-by-default.sh","container_id":"35d59084689cc7ae06cc21e9944471b4b05feec49ec572becaa3a8e0a3e937e5"}
2022-06-13T02:54:34+00:00	nginx.hello2	{"container_id":"35d59084689cc7ae06cc21e9944471b4b05feec49ec572becaa3a8e0a3e937e5","container_name":"/fluentd-elastic-stack-ver0.0.1-nginx_d_1","source":"stdout","log":"10-listen-on-ipv6-by-default.sh: info: Getting the checksum of /etc/nginx/conf.d/default.conf"}
2022-06-13T02:54:34+00:00	nginx.hello2	{"container_id":"35d59084689cc7ae06cc21e9944471b4b05feec49ec572becaa3a8e0a3e937e5","container_name":"/fluentd-elastic-stack-ver0.0.1-nginx_d_1","source":"stdout","log":"10-listen-on-ipv6-by-default.sh: info: Enabled listen on IPv6 in /etc/nginx/conf.d/default.conf"}
2022-06-13T02:54:34+00:00	nginx.hello2	{"container_id":"35d59084689cc7ae06cc21e9944471b4b05feec49ec572becaa3a8e0a3e937e5","container_name":"/fluentd-elastic-stack-ver0.0.1-nginx_d_1","source":"stdout","log":"/docker-entrypoint.sh: Launching /docker-entrypoint.d/20-envsubst-on-templates.sh"}
2022-06-13T02:54:34+00:00	nginx.hello2	{"source":"stdout","log":"/docker-entrypoint.sh: Launching /docker-entrypoint.d/30-tune-worker-processes.sh","container_id":"35d59084689cc7ae06cc21e9944471b4b05feec49ec572becaa3a8e0a3e937e5","container_name":"/fluentd-elastic-stack-ver0.0.1-nginx_d_1"}
2022-06-13T02:54:34+00:00	nginx.hello2	{"container_name":"/fluentd-elastic-stack-ver0.0.1-nginx_d_1","source":"stdout","log":"/docker-entrypoint.sh: Configuration complete; ready for start up","container_id":"35d59084689cc7ae06cc21e9944471b4b05feec49ec572becaa3a8e0a3e937e5"}
2022-06-13T02:54:34+00:00	nginx.hello2	{"source":"stderr","log":"2022/06/13 02:54:34 [notice] 1#1: using the \"epoll\" event method","container_id":"35d59084689cc7ae06cc21e9944471b4b05feec49ec572becaa3a8e0a3e937e5","container_name":"/fluentd-elastic-stack-ver0.0.1-nginx_d_1"}
2022-06-13T02:54:34+00:00	nginx.hello2	{"container_id":"35d59084689cc7ae06cc21e9944471b4b05feec49ec572becaa3a8e0a3e937e5","container_name":"/fluentd-elastic-stack-ver0.0.1-nginx_d_1","source":"stderr","log":"2022/06/13 02:54:34 [notice] 1#1: nginx/1.21.6"}
2022-06-13T02:54:34+00:00	nginx.hello2	{"source":"stderr","log":"2022/06/13 02:54:34 [notice] 1#1: built by gcc 10.2.1 20210110 (Debian 10.2.1-6) ","container_id":"35d59084689cc7ae06cc21e9944471b4b05feec49ec572becaa3a8e0a3e937e5","container_name":"/fluentd-elastic-stack-ver0.0.1-nginx_d_1"}
2022-06-13T02:54:34+00:00	nginx.hello2	{"container_id":"35d59084689cc7ae06cc21e9944471b4b05feec49ec572becaa3a8e0a3e937e5","container_name":"/fluentd-elastic-stack-ver0.0.1-nginx_d_1","source":"stderr","log":"2022/06/13 02:54:34 [notice] 1#1: OS: Linux 5.10.104-linuxkit"}
2022-06-13T02:54:34+00:00	nginx.hello2	{"log":"2022/06/13 02:54:34 [notice] 1#1: getrlimit(RLIMIT_NOFILE): 1048576:1048576","container_id":"35d59084689cc7ae06cc21e9944471b4b05feec49ec572becaa3a8e0a3e937e5","container_name":"/fluentd-elastic-stack-ver0.0.1-nginx_d_1","source":"stderr"}
2022-06-13T02:54:34+00:00	nginx.hello2	{"log":"2022/06/13 02:54:34 [notice] 1#1: start worker processes","container_id":"35d59084689cc7ae06cc21e9944471b4b05feec49ec572becaa3a8e0a3e937e5","container_name":"/fluentd-elastic-stack-ver0.0.1-nginx_d_1","source":"stderr"}
2022-06-13T02:54:34+00:00	nginx.hello2	{"source":"stderr","log":"2022/06/13 02:54:34 [notice] 1#1: start worker process 32","container_id":"35d59084689cc7ae06cc21e9944471b4b05feec49ec572becaa3a8e0a3e937e5","container_name":"/fluentd-elastic-stack-ver0.0.1-nginx_d_1"}
2022-06-13T02:54:34+00:00	nginx.hello2	{"log":"2022/06/13 02:54:34 [notice] 1#1: start worker process 33","container_id":"35d59084689cc7ae06cc21e9944471b4b05feec49ec572becaa3a8e0a3e937e5","container_name":"/fluentd-elastic-stack-ver0.0.1-nginx_d_1","source":"stderr"}
2022-06-13T02:54:34+00:00	nginx.hello2	{"log":"2022/06/13 02:54:34 [notice] 1#1: start worker process 34","container_id":"35d59084689cc7ae06cc21e9944471b4b05feec49ec572becaa3a8e0a3e937e5","container_name":"/fluentd-elastic-stack-ver0.0.1-nginx_d_1","source":"stderr"}
2022-06-13T02:54:34+00:00	nginx.hello2	{"container_id":"35d59084689cc7ae06cc21e9944471b4b05feec49ec572becaa3a8e0a3e937e5","container_name":"/fluentd-elastic-stack-ver0.0.1-nginx_d_1","source":"stderr","log":"2022/06/13 02:54:34 [notice] 1#1: start worker process 35"}
2022-06-13T02:55:37+00:00	fluent.warn	{"retry_times":0,"next_retry_time":"2022-06-13 02:55:38 +0000","chunk":"5e14b68994a54d43037299fca06bf785","error":"#<Fluent::Plugin::ElasticsearchOutput::RecoverableRequestFailure: could not push logs to Elasticsearch cluster ({:host=>\"fluentd-elastic-stack-ver0.0.1-es\", :port=>9200, :scheme=>\"http\"}): no address for fluentd-elastic-stack-ver0.0.1-es (Resolv::ResolvError)>","message":"failed to flush the buffer. retry_times=0 next_retry_time=2022-06-13 02:55:38 +0000 chunk=\"5e14b68994a54d43037299fca06bf785\" error_class=Fluent::Plugin::ElasticsearchOutput::RecoverableRequestFailure error=\"could not push logs to Elasticsearch cluster ({:host=>\\\"fluentd-elastic-stack-ver0.0.1-es\\\", :port=>9200, :scheme=>\\\"http\\\"}): no address for fluentd-elastic-stack-ver0.0.1-es (Resolv::ResolvError)\""}
2022-06-13T02:55:38+00:00	fluent.warn	{"retry_times":1,"next_retry_time":"2022-06-13 02:55:40 +0000","chunk":"5e14b68994a54d43037299fca06bf785","error":"#<Fluent::Plugin::ElasticsearchOutput::RecoverableRequestFailure: could not push logs to Elasticsearch cluster ({:host=>\"fluentd-elastic-stack-ver0.0.1-es\", :port=>9200, :scheme=>\"http\"}): no address for fluentd-elastic-stack-ver0.0.1-es (Resolv::ResolvError)>","message":"failed to flush the buffer. retry_times=1 next_retry_time=2022-06-13 02:55:40 +0000 chunk=\"5e14b68994a54d43037299fca06bf785\" error_class=Fluent::Plugin::ElasticsearchOutput::RecoverableRequestFailure error=\"could not push logs to Elasticsearch cluster ({:host=>\\\"fluentd-elastic-stack-ver0.0.1-es\\\", :port=>9200, :scheme=>\\\"http\\\"}): no address for fluentd-elastic-stack-ver0.0.1-es (Resolv::ResolvError)\""}
2022-06-13T02:55:40+00:00	fluent.warn	{"retry_times":2,"next_retry_time":"2022-06-13 02:55:44 +0000","chunk":"5e14b68994a54d43037299fca06bf785","error":"#<Fluent::Plugin::ElasticsearchOutput::RecoverableRequestFailure: could not push logs to Elasticsearch cluster ({:host=>\"fluentd-elastic-stack-ver0.0.1-es\", :port=>9200, :scheme=>\"http\"}): no address for fluentd-elastic-stack-ver0.0.1-es (Resolv::ResolvError)>","message":"failed to flush the buffer. retry_times=2 next_retry_time=2022-06-13 02:55:44 +0000 chunk=\"5e14b68994a54d43037299fca06bf785\" error_class=Fluent::Plugin::ElasticsearchOutput::RecoverableRequestFailure error=\"could not push logs to Elasticsearch cluster ({:host=>\\\"fluentd-elastic-stack-ver0.0.1-es\\\", :port=>9200, :scheme=>\\\"http\\\"}): no address for fluentd-elastic-stack-ver0.0.1-es (Resolv::ResolvError)\""}
2022-06-13T02:55:43+00:00	fluent.warn	{"retry_times":3,"next_retry_time":"2022-06-13 02:55:52 +0000","chunk":"5e14b68994a54d43037299fca06bf785","error":"#<Fluent::Plugin::ElasticsearchOutput::RecoverableRequestFailure: could not push logs to Elasticsearch cluster ({:host=>\"fluentd-elastic-stack-ver0.0.1-es\", :port=>9200, :scheme=>\"http\"}): no address for fluentd-elastic-stack-ver0.0.1-es (Resolv::ResolvError)>","message":"failed to flush the buffer. retry_times=3 next_retry_time=2022-06-13 02:55:52 +0000 chunk=\"5e14b68994a54d43037299fca06bf785\" error_class=Fluent::Plugin::ElasticsearchOutput::RecoverableRequestFailure error=\"could not push logs to Elasticsearch cluster ({:host=>\\\"fluentd-elastic-stack-ver0.0.1-es\\\", :port=>9200, :scheme=>\\\"http\\\"}): no address for fluentd-elastic-stack-ver0.0.1-es (Resolv::ResolvError)\""}
2022-06-13T02:55:52+00:00	fluent.warn	{"retry_times":4,"next_retry_time":"2022-06-13 02:56:06 +0000","chunk":"5e14b68994a54d43037299fca06bf785","error":"#<Fluent::Plugin::ElasticsearchOutput::RecoverableRequestFailure: could not push logs to Elasticsearch cluster ({:host=>\"fluentd-elastic-stack-ver0.0.1-es\", :port=>9200, :scheme=>\"http\"}): no address for fluentd-elastic-stack-ver0.0.1-es (Resolv::ResolvError)>","message":"failed to flush the buffer. retry_times=4 next_retry_time=2022-06-13 02:56:06 +0000 chunk=\"5e14b68994a54d43037299fca06bf785\" error_class=Fluent::Plugin::ElasticsearchOutput::RecoverableRequestFailure error=\"could not push logs to Elasticsearch cluster ({:host=>\\\"fluentd-elastic-stack-ver0.0.1-es\\\", :port=>9200, :scheme=>\\\"http\\\"}): no address for fluentd-elastic-stack-ver0.0.1-es (Resolv::ResolvError)\""}
2022-06-13T02:56:06+00:00	fluent.warn	{"retry_times":5,"next_retry_time":"2022-06-13 02:56:35 +0000","chunk":"5e14b68994a54d43037299fca06bf785","error":"#<Fluent::Plugin::ElasticsearchOutput::RecoverableRequestFailure: could not push logs to Elasticsearch cluster ({:host=>\"fluentd-elastic-stack-ver0.0.1-es\", :port=>9200, :scheme=>\"http\"}): no address for fluentd-elastic-stack-ver0.0.1-es (Resolv::ResolvError)>","message":"failed to flush the buffer. retry_times=5 next_retry_time=2022-06-13 02:56:35 +0000 chunk=\"5e14b68994a54d43037299fca06bf785\" error_class=Fluent::Plugin::ElasticsearchOutput::RecoverableRequestFailure error=\"could not push logs to Elasticsearch cluster ({:host=>\\\"fluentd-elastic-stack-ver0.0.1-es\\\", :port=>9200, :scheme=>\\\"http\\\"}): no address for fluentd-elastic-stack-ver0.0.1-es (Resolv::ResolvError)\""}
2022-06-13T02:56:20+00:00	fluent.info	{"pid":16,"ppid":7,"worker":0,"message":"starting fluentd worker pid=16 ppid=7 worker=0"}
2022-06-13T02:56:20+00:00	fluent.info	{"port":24224,"bind":"0.0.0.0","message":"listening port port=24224 bind=\"0.0.0.0\""}
2022-06-13T02:56:20+00:00	fluent.info	{"worker":0,"message":"fluentd worker is now running worker=0"}
2022-06-13T02:56:17+00:00	nginx.hello	{"container_name":"/fluentd-elastic-stack-ver0.0.1-nginx_d","source":"stdout","log":"/docker-entrypoint.sh: /docker-entrypoint.d/ is not empty, will attempt to perform configuration","container_id":"5a9e1eae87574572508f805b9c7ff8ec41091870ae503b6fb1c20fe2caddafca"}
2022-06-13T02:56:17+00:00	nginx.hello	{"container_name":"/fluentd-elastic-stack-ver0.0.1-nginx_d","source":"stdout","log":"/docker-entrypoint.sh: Looking for shell scripts in /docker-entrypoint.d/","container_id":"5a9e1eae87574572508f805b9c7ff8ec41091870ae503b6fb1c20fe2caddafca"}
2022-06-13T02:56:17+00:00	nginx.hello	{"container_id":"5a9e1eae87574572508f805b9c7ff8ec41091870ae503b6fb1c20fe2caddafca","container_name":"/fluentd-elastic-stack-ver0.0.1-nginx_d","source":"stdout","log":"/docker-entrypoint.sh: Launching /docker-entrypoint.d/10-listen-on-ipv6-by-default.sh"}
2022-06-13T02:56:17+00:00	nginx.hello	{"source":"stdout","log":"10-listen-on-ipv6-by-default.sh: info: Getting the checksum of /etc/nginx/conf.d/default.conf","container_id":"5a9e1eae87574572508f805b9c7ff8ec41091870ae503b6fb1c20fe2caddafca","container_name":"/fluentd-elastic-stack-ver0.0.1-nginx_d"}
2022-06-13T02:56:17+00:00	nginx.hello	{"log":"10-listen-on-ipv6-by-default.sh: info: Enabled listen on IPv6 in /etc/nginx/conf.d/default.conf","container_id":"5a9e1eae87574572508f805b9c7ff8ec41091870ae503b6fb1c20fe2caddafca","container_name":"/fluentd-elastic-stack-ver0.0.1-nginx_d","source":"stdout"}
2022-06-13T02:56:17+00:00	nginx.hello	{"log":"/docker-entrypoint.sh: Launching /docker-entrypoint.d/20-envsubst-on-templates.sh","container_id":"5a9e1eae87574572508f805b9c7ff8ec41091870ae503b6fb1c20fe2caddafca","container_name":"/fluentd-elastic-stack-ver0.0.1-nginx_d","source":"stdout"}
2022-06-13T02:56:17+00:00	nginx.hello	{"container_name":"/fluentd-elastic-stack-ver0.0.1-nginx_d","source":"stdout","log":"/docker-entrypoint.sh: Launching /docker-entrypoint.d/30-tune-worker-processes.sh","container_id":"5a9e1eae87574572508f805b9c7ff8ec41091870ae503b6fb1c20fe2caddafca"}
2022-06-13T02:56:17+00:00	nginx.hello	{"container_name":"/fluentd-elastic-stack-ver0.0.1-nginx_d","source":"stdout","log":"/docker-entrypoint.sh: Configuration complete; ready for start up","container_id":"5a9e1eae87574572508f805b9c7ff8ec41091870ae503b6fb1c20fe2caddafca"}
2022-06-13T02:56:17+00:00	nginx.hello	{"container_name":"/fluentd-elastic-stack-ver0.0.1-nginx_d","source":"stderr","log":"2022/06/13 02:56:17 [notice] 1#1: using the \"epoll\" event method","container_id":"5a9e1eae87574572508f805b9c7ff8ec41091870ae503b6fb1c20fe2caddafca"}
2022-06-13T02:56:17+00:00	nginx.hello	{"container_name":"/fluentd-elastic-stack-ver0.0.1-nginx_d","source":"stderr","log":"2022/06/13 02:56:17 [notice] 1#1: nginx/1.21.6","container_id":"5a9e1eae87574572508f805b9c7ff8ec41091870ae503b6fb1c20fe2caddafca"}
2022-06-13T02:56:17+00:00	nginx.hello	{"source":"stderr","log":"2022/06/13 02:56:17 [notice] 1#1: built by gcc 10.2.1 20210110 (Debian 10.2.1-6) ","container_id":"5a9e1eae87574572508f805b9c7ff8ec41091870ae503b6fb1c20fe2caddafca","container_name":"/fluentd-elastic-stack-ver0.0.1-nginx_d"}
2022-06-13T02:56:17+00:00	nginx.hello	{"container_id":"5a9e1eae87574572508f805b9c7ff8ec41091870ae503b6fb1c20fe2caddafca","container_name":"/fluentd-elastic-stack-ver0.0.1-nginx_d","source":"stderr","log":"2022/06/13 02:56:17 [notice] 1#1: OS: Linux 5.10.104-linuxkit"}
2022-06-13T02:56:17+00:00	nginx.hello	{"source":"stderr","log":"2022/06/13 02:56:17 [notice] 1#1: getrlimit(RLIMIT_NOFILE): 1048576:1048576","container_id":"5a9e1eae87574572508f805b9c7ff8ec41091870ae503b6fb1c20fe2caddafca","container_name":"/fluentd-elastic-stack-ver0.0.1-nginx_d"}
2022-06-13T02:56:17+00:00	nginx.hello	{"container_name":"/fluentd-elastic-stack-ver0.0.1-nginx_d","source":"stderr","log":"2022/06/13 02:56:17 [notice] 1#1: start worker processes","container_id":"5a9e1eae87574572508f805b9c7ff8ec41091870ae503b6fb1c20fe2caddafca"}
2022-06-13T02:56:17+00:00	nginx.hello	{"container_id":"5a9e1eae87574572508f805b9c7ff8ec41091870ae503b6fb1c20fe2caddafca","container_name":"/fluentd-elastic-stack-ver0.0.1-nginx_d","source":"stderr","log":"2022/06/13 02:56:17 [notice] 1#1: start worker process 36"}
2022-06-13T02:56:17+00:00	nginx.hello	{"container_id":"5a9e1eae87574572508f805b9c7ff8ec41091870ae503b6fb1c20fe2caddafca","container_name":"/fluentd-elastic-stack-ver0.0.1-nginx_d","source":"stderr","log":"2022/06/13 02:56:17 [notice] 1#1: start worker process 37"}
2022-06-13T02:56:17+00:00	nginx.hello	{"container_name":"/fluentd-elastic-stack-ver0.0.1-nginx_d","source":"stderr","log":"2022/06/13 02:56:17 [notice] 1#1: start worker process 38","container_id":"5a9e1eae87574572508f805b9c7ff8ec41091870ae503b6fb1c20fe2caddafca"}
2022-06-13T02:56:17+00:00	nginx.hello	{"container_name":"/fluentd-elastic-stack-ver0.0.1-nginx_d","source":"stderr","log":"2022/06/13 02:56:17 [notice] 1#1: start worker process 39","container_id":"5a9e1eae87574572508f805b9c7ff8ec41091870ae503b6fb1c20fe2caddafca"}
2022-06-13T02:56:17+00:00	nginx.hello2	{"container_name":"/fluentd-elastic-stack-ver0.0.1-nginx_d_1","source":"stdout","log":"/docker-entrypoint.sh: /docker-entrypoint.d/ is not empty, will attempt to perform configuration","container_id":"6006740d4ffb633d5dd1c6229e6b656f913cc18c87f6f2480ca2135e3bd6b2d7"}
2022-06-13T02:56:17+00:00	nginx.hello2	{"container_name":"/fluentd-elastic-stack-ver0.0.1-nginx_d_1","source":"stdout","log":"/docker-entrypoint.sh: Looking for shell scripts in /docker-entrypoint.d/","container_id":"6006740d4ffb633d5dd1c6229e6b656f913cc18c87f6f2480ca2135e3bd6b2d7"}
2022-06-13T02:56:17+00:00	nginx.hello2	{"source":"stdout","log":"/docker-entrypoint.sh: Launching /docker-entrypoint.d/10-listen-on-ipv6-by-default.sh","container_id":"6006740d4ffb633d5dd1c6229e6b656f913cc18c87f6f2480ca2135e3bd6b2d7","container_name":"/fluentd-elastic-stack-ver0.0.1-nginx_d_1"}
2022-06-13T02:56:17+00:00	nginx.hello2	{"container_id":"6006740d4ffb633d5dd1c6229e6b656f913cc18c87f6f2480ca2135e3bd6b2d7","container_name":"/fluentd-elastic-stack-ver0.0.1-nginx_d_1","source":"stdout","log":"10-listen-on-ipv6-by-default.sh: info: Getting the checksum of /etc/nginx/conf.d/default.conf"}
2022-06-13T02:56:17+00:00	nginx.hello2	{"source":"stdout","log":"10-listen-on-ipv6-by-default.sh: info: Enabled listen on IPv6 in /etc/nginx/conf.d/default.conf","container_id":"6006740d4ffb633d5dd1c6229e6b656f913cc18c87f6f2480ca2135e3bd6b2d7","container_name":"/fluentd-elastic-stack-ver0.0.1-nginx_d_1"}
2022-06-13T02:56:17+00:00	nginx.hello2	{"container_id":"6006740d4ffb633d5dd1c6229e6b656f913cc18c87f6f2480ca2135e3bd6b2d7","container_name":"/fluentd-elastic-stack-ver0.0.1-nginx_d_1","source":"stdout","log":"/docker-entrypoint.sh: Launching /docker-entrypoint.d/20-envsubst-on-templates.sh"}
2022-06-13T02:56:17+00:00	nginx.hello2	{"container_id":"6006740d4ffb633d5dd1c6229e6b656f913cc18c87f6f2480ca2135e3bd6b2d7","container_name":"/fluentd-elastic-stack-ver0.0.1-nginx_d_1","source":"stdout","log":"/docker-entrypoint.sh: Launching /docker-entrypoint.d/30-tune-worker-processes.sh"}
2022-06-13T02:56:17+00:00	nginx.hello2	{"source":"stdout","log":"/docker-entrypoint.sh: Configuration complete; ready for start up","container_id":"6006740d4ffb633d5dd1c6229e6b656f913cc18c87f6f2480ca2135e3bd6b2d7","container_name":"/fluentd-elastic-stack-ver0.0.1-nginx_d_1"}
2022-06-13T02:56:17+00:00	nginx.hello2	{"container_name":"/fluentd-elastic-stack-ver0.0.1-nginx_d_1","source":"stderr","log":"2022/06/13 02:56:17 [notice] 1#1: using the \"epoll\" event method","container_id":"6006740d4ffb633d5dd1c6229e6b656f913cc18c87f6f2480ca2135e3bd6b2d7"}
2022-06-13T02:56:17+00:00	nginx.hello2	{"source":"stderr","log":"2022/06/13 02:56:17 [notice] 1#1: nginx/1.21.6","container_id":"6006740d4ffb633d5dd1c6229e6b656f913cc18c87f6f2480ca2135e3bd6b2d7","container_name":"/fluentd-elastic-stack-ver0.0.1-nginx_d_1"}
2022-06-13T02:56:17+00:00	nginx.hello2	{"container_id":"6006740d4ffb633d5dd1c6229e6b656f913cc18c87f6f2480ca2135e3bd6b2d7","container_name":"/fluentd-elastic-stack-ver0.0.1-nginx_d_1","source":"stderr","log":"2022/06/13 02:56:17 [notice] 1#1: built by gcc 10.2.1 20210110 (Debian 10.2.1-6) "}
2022-06-13T02:56:17+00:00	nginx.hello2	{"source":"stderr","log":"2022/06/13 02:56:17 [notice] 1#1: OS: Linux 5.10.104-linuxkit","container_id":"6006740d4ffb633d5dd1c6229e6b656f913cc18c87f6f2480ca2135e3bd6b2d7","container_name":"/fluentd-elastic-stack-ver0.0.1-nginx_d_1"}
2022-06-13T02:56:17+00:00	nginx.hello2	{"container_id":"6006740d4ffb633d5dd1c6229e6b656f913cc18c87f6f2480ca2135e3bd6b2d7","container_name":"/fluentd-elastic-stack-ver0.0.1-nginx_d_1","source":"stderr","log":"2022/06/13 02:56:17 [notice] 1#1: getrlimit(RLIMIT_NOFILE): 1048576:1048576"}
2022-06-13T02:56:17+00:00	nginx.hello2	{"log":"2022/06/13 02:56:17 [notice] 1#1: start worker processes","container_id":"6006740d4ffb633d5dd1c6229e6b656f913cc18c87f6f2480ca2135e3bd6b2d7","container_name":"/fluentd-elastic-stack-ver0.0.1-nginx_d_1","source":"stderr"}
2022-06-13T02:56:17+00:00	nginx.hello2	{"container_id":"6006740d4ffb633d5dd1c6229e6b656f913cc18c87f6f2480ca2135e3bd6b2d7","container_name":"/fluentd-elastic-stack-ver0.0.1-nginx_d_1","source":"stderr","log":"2022/06/13 02:56:17 [notice] 1#1: start worker process 31"}
2022-06-13T02:56:17+00:00	nginx.hello2	{"source":"stderr","log":"2022/06/13 02:56:17 [notice] 1#1: start worker process 32","container_id":"6006740d4ffb633d5dd1c6229e6b656f913cc18c87f6f2480ca2135e3bd6b2d7","container_name":"/fluentd-elastic-stack-ver0.0.1-nginx_d_1"}
2022-06-13T02:56:17+00:00	nginx.hello2	{"log":"2022/06/13 02:56:17 [notice] 1#1: start worker process 33","container_id":"6006740d4ffb633d5dd1c6229e6b656f913cc18c87f6f2480ca2135e3bd6b2d7","container_name":"/fluentd-elastic-stack-ver0.0.1-nginx_d_1","source":"stderr"}
2022-06-13T02:56:17+00:00	nginx.hello2	{"source":"stderr","log":"2022/06/13 02:56:17 [notice] 1#1: start worker process 34","container_id":"6006740d4ffb633d5dd1c6229e6b656f913cc18c87f6f2480ca2135e3bd6b2d7","container_name":"/fluentd-elastic-stack-ver0.0.1-nginx_d_1"}
2022-06-13T02:59:08+00:00	fluent.info	{"pid":17,"ppid":8,"worker":0,"message":"starting fluentd worker pid=17 ppid=8 worker=0"}
2022-06-13T02:59:08+00:00	fluent.info	{"port":24224,"bind":"0.0.0.0","message":"listening port port=24224 bind=\"0.0.0.0\""}
2022-06-13T02:59:08+00:00	fluent.info	{"worker":0,"message":"fluentd worker is now running worker=0"}
2022-06-13T02:59:03+00:00	nginx.hello	{"source":"stdout","log":"/docker-entrypoint.sh: /docker-entrypoint.d/ is not empty, will attempt to perform configuration","container_id":"65ed6d7cbcb8669f0108a8325dff7b32cb745f4df2958120339a51482066ed8c","container_name":"/fluentd-elastic-stack-ver0.0.1-nginx_d"}
2022-06-13T02:59:03+00:00	nginx.hello	{"container_id":"65ed6d7cbcb8669f0108a8325dff7b32cb745f4df2958120339a51482066ed8c","container_name":"/fluentd-elastic-stack-ver0.0.1-nginx_d","source":"stdout","log":"/docker-entrypoint.sh: Looking for shell scripts in /docker-entrypoint.d/"}
2022-06-13T02:59:03+00:00	nginx.hello	{"source":"stdout","log":"/docker-entrypoint.sh: Launching /docker-entrypoint.d/10-listen-on-ipv6-by-default.sh","container_id":"65ed6d7cbcb8669f0108a8325dff7b32cb745f4df2958120339a51482066ed8c","container_name":"/fluentd-elastic-stack-ver0.0.1-nginx_d"}
2022-06-13T02:59:03+00:00	nginx.hello	{"container_id":"65ed6d7cbcb8669f0108a8325dff7b32cb745f4df2958120339a51482066ed8c","container_name":"/fluentd-elastic-stack-ver0.0.1-nginx_d","source":"stdout","log":"10-listen-on-ipv6-by-default.sh: info: Getting the checksum of /etc/nginx/conf.d/default.conf"}
2022-06-13T02:59:03+00:00	nginx.hello	{"container_name":"/fluentd-elastic-stack-ver0.0.1-nginx_d","source":"stdout","log":"10-listen-on-ipv6-by-default.sh: info: Enabled listen on IPv6 in /etc/nginx/conf.d/default.conf","container_id":"65ed6d7cbcb8669f0108a8325dff7b32cb745f4df2958120339a51482066ed8c"}
2022-06-13T02:59:03+00:00	nginx.hello	{"container_id":"65ed6d7cbcb8669f0108a8325dff7b32cb745f4df2958120339a51482066ed8c","container_name":"/fluentd-elastic-stack-ver0.0.1-nginx_d","source":"stdout","log":"/docker-entrypoint.sh: Launching /docker-entrypoint.d/20-envsubst-on-templates.sh"}
2022-06-13T02:59:03+00:00	nginx.hello	{"source":"stdout","log":"/docker-entrypoint.sh: Launching /docker-entrypoint.d/30-tune-worker-processes.sh","container_id":"65ed6d7cbcb8669f0108a8325dff7b32cb745f4df2958120339a51482066ed8c","container_name":"/fluentd-elastic-stack-ver0.0.1-nginx_d"}
2022-06-13T02:59:03+00:00	nginx.hello	{"container_id":"65ed6d7cbcb8669f0108a8325dff7b32cb745f4df2958120339a51482066ed8c","container_name":"/fluentd-elastic-stack-ver0.0.1-nginx_d","source":"stdout","log":"/docker-entrypoint.sh: Configuration complete; ready for start up"}
2022-06-13T02:59:03+00:00	nginx.hello	{"container_id":"65ed6d7cbcb8669f0108a8325dff7b32cb745f4df2958120339a51482066ed8c","container_name":"/fluentd-elastic-stack-ver0.0.1-nginx_d","source":"stderr","log":"2022/06/13 02:59:03 [notice] 1#1: using the \"epoll\" event method"}
2022-06-13T02:59:03+00:00	nginx.hello	{"container_name":"/fluentd-elastic-stack-ver0.0.1-nginx_d","source":"stderr","log":"2022/06/13 02:59:03 [notice] 1#1: nginx/1.21.6","container_id":"65ed6d7cbcb8669f0108a8325dff7b32cb745f4df2958120339a51482066ed8c"}
2022-06-13T02:59:03+00:00	nginx.hello	{"container_id":"65ed6d7cbcb8669f0108a8325dff7b32cb745f4df2958120339a51482066ed8c","container_name":"/fluentd-elastic-stack-ver0.0.1-nginx_d","source":"stderr","log":"2022/06/13 02:59:03 [notice] 1#1: built by gcc 10.2.1 20210110 (Debian 10.2.1-6) "}
2022-06-13T02:59:03+00:00	nginx.hello	{"container_name":"/fluentd-elastic-stack-ver0.0.1-nginx_d","source":"stderr","log":"2022/06/13 02:59:03 [notice] 1#1: OS: Linux 5.10.104-linuxkit","container_id":"65ed6d7cbcb8669f0108a8325dff7b32cb745f4df2958120339a51482066ed8c"}
2022-06-13T02:59:03+00:00	nginx.hello	{"container_name":"/fluentd-elastic-stack-ver0.0.1-nginx_d","source":"stderr","log":"2022/06/13 02:59:03 [notice] 1#1: getrlimit(RLIMIT_NOFILE): 1048576:1048576","container_id":"65ed6d7cbcb8669f0108a8325dff7b32cb745f4df2958120339a51482066ed8c"}
2022-06-13T02:59:03+00:00	nginx.hello	{"container_id":"65ed6d7cbcb8669f0108a8325dff7b32cb745f4df2958120339a51482066ed8c","container_name":"/fluentd-elastic-stack-ver0.0.1-nginx_d","source":"stderr","log":"2022/06/13 02:59:03 [notice] 1#1: start worker processes"}
2022-06-13T02:59:03+00:00	nginx.hello	{"log":"2022/06/13 02:59:03 [notice] 1#1: start worker process 31","container_id":"65ed6d7cbcb8669f0108a8325dff7b32cb745f4df2958120339a51482066ed8c","container_name":"/fluentd-elastic-stack-ver0.0.1-nginx_d","source":"stderr"}
2022-06-13T02:59:03+00:00	nginx.hello	{"container_id":"65ed6d7cbcb8669f0108a8325dff7b32cb745f4df2958120339a51482066ed8c","container_name":"/fluentd-elastic-stack-ver0.0.1-nginx_d","source":"stderr","log":"2022/06/13 02:59:03 [notice] 1#1: start worker process 32"}
2022-06-13T02:59:03+00:00	nginx.hello	{"container_id":"65ed6d7cbcb8669f0108a8325dff7b32cb745f4df2958120339a51482066ed8c","container_name":"/fluentd-elastic-stack-ver0.0.1-nginx_d","source":"stderr","log":"2022/06/13 02:59:03 [notice] 1#1: start worker process 33"}
2022-06-13T02:59:03+00:00	nginx.hello	{"log":"2022/06/13 02:59:03 [notice] 1#1: start worker process 34","container_id":"65ed6d7cbcb8669f0108a8325dff7b32cb745f4df2958120339a51482066ed8c","container_name":"/fluentd-elastic-stack-ver0.0.1-nginx_d","source":"stderr"}
2022-06-13T02:59:03+00:00	nginx.hello2	{"container_id":"063dfaf4c961637ecd48521932eac51248fbbe9e5c7b76b360b12f5ed3c0b4b1","container_name":"/fluentd-elastic-stack-ver0.0.1-nginx_d_1","source":"stdout","log":"/docker-entrypoint.sh: /docker-entrypoint.d/ is not empty, will attempt to perform configuration"}
2022-06-13T02:59:03+00:00	nginx.hello2	{"container_name":"/fluentd-elastic-stack-ver0.0.1-nginx_d_1","source":"stdout","log":"/docker-entrypoint.sh: Looking for shell scripts in /docker-entrypoint.d/","container_id":"063dfaf4c961637ecd48521932eac51248fbbe9e5c7b76b360b12f5ed3c0b4b1"}
2022-06-13T02:59:03+00:00	nginx.hello2	{"container_id":"063dfaf4c961637ecd48521932eac51248fbbe9e5c7b76b360b12f5ed3c0b4b1","container_name":"/fluentd-elastic-stack-ver0.0.1-nginx_d_1","source":"stdout","log":"/docker-entrypoint.sh: Launching /docker-entrypoint.d/10-listen-on-ipv6-by-default.sh"}
2022-06-13T02:59:03+00:00	nginx.hello2	{"container_id":"063dfaf4c961637ecd48521932eac51248fbbe9e5c7b76b360b12f5ed3c0b4b1","container_name":"/fluentd-elastic-stack-ver0.0.1-nginx_d_1","source":"stdout","log":"10-listen-on-ipv6-by-default.sh: info: Getting the checksum of /etc/nginx/conf.d/default.conf"}
2022-06-13T02:59:03+00:00	nginx.hello2	{"container_name":"/fluentd-elastic-stack-ver0.0.1-nginx_d_1","source":"stdout","log":"10-listen-on-ipv6-by-default.sh: info: Enabled listen on IPv6 in /etc/nginx/conf.d/default.conf","container_id":"063dfaf4c961637ecd48521932eac51248fbbe9e5c7b76b360b12f5ed3c0b4b1"}
2022-06-13T02:59:03+00:00	nginx.hello2	{"container_id":"063dfaf4c961637ecd48521932eac51248fbbe9e5c7b76b360b12f5ed3c0b4b1","container_name":"/fluentd-elastic-stack-ver0.0.1-nginx_d_1","source":"stdout","log":"/docker-entrypoint.sh: Launching /docker-entrypoint.d/20-envsubst-on-templates.sh"}
2022-06-13T02:59:03+00:00	nginx.hello2	{"container_id":"063dfaf4c961637ecd48521932eac51248fbbe9e5c7b76b360b12f5ed3c0b4b1","container_name":"/fluentd-elastic-stack-ver0.0.1-nginx_d_1","source":"stdout","log":"/docker-entrypoint.sh: Launching /docker-entrypoint.d/30-tune-worker-processes.sh"}
2022-06-13T02:59:03+00:00	nginx.hello2	{"container_name":"/fluentd-elastic-stack-ver0.0.1-nginx_d_1","source":"stdout","log":"/docker-entrypoint.sh: Configuration complete; ready for start up","container_id":"063dfaf4c961637ecd48521932eac51248fbbe9e5c7b76b360b12f5ed3c0b4b1"}
2022-06-13T02:59:03+00:00	nginx.hello2	{"log":"2022/06/13 02:59:03 [notice] 1#1: using the \"epoll\" event method","container_id":"063dfaf4c961637ecd48521932eac51248fbbe9e5c7b76b360b12f5ed3c0b4b1","container_name":"/fluentd-elastic-stack-ver0.0.1-nginx_d_1","source":"stderr"}
2022-06-13T02:59:03+00:00	nginx.hello2	{"container_id":"063dfaf4c961637ecd48521932eac51248fbbe9e5c7b76b360b12f5ed3c0b4b1","container_name":"/fluentd-elastic-stack-ver0.0.1-nginx_d_1","source":"stderr","log":"2022/06/13 02:59:03 [notice] 1#1: nginx/1.21.6"}
2022-06-13T02:59:03+00:00	nginx.hello2	{"container_id":"063dfaf4c961637ecd48521932eac51248fbbe9e5c7b76b360b12f5ed3c0b4b1","container_name":"/fluentd-elastic-stack-ver0.0.1-nginx_d_1","source":"stderr","log":"2022/06/13 02:59:03 [notice] 1#1: built by gcc 10.2.1 20210110 (Debian 10.2.1-6) "}
2022-06-13T02:59:03+00:00	nginx.hello2	{"container_name":"/fluentd-elastic-stack-ver0.0.1-nginx_d_1","source":"stderr","log":"2022/06/13 02:59:03 [notice] 1#1: OS: Linux 5.10.104-linuxkit","container_id":"063dfaf4c961637ecd48521932eac51248fbbe9e5c7b76b360b12f5ed3c0b4b1"}
2022-06-13T02:59:03+00:00	nginx.hello2	{"container_name":"/fluentd-elastic-stack-ver0.0.1-nginx_d_1","source":"stderr","log":"2022/06/13 02:59:03 [notice] 1#1: getrlimit(RLIMIT_NOFILE): 1048576:1048576","container_id":"063dfaf4c961637ecd48521932eac51248fbbe9e5c7b76b360b12f5ed3c0b4b1"}
2022-06-13T02:59:03+00:00	nginx.hello2	{"container_name":"/fluentd-elastic-stack-ver0.0.1-nginx_d_1","source":"stderr","log":"2022/06/13 02:59:03 [notice] 1#1: start worker processes","container_id":"063dfaf4c961637ecd48521932eac51248fbbe9e5c7b76b360b12f5ed3c0b4b1"}
2022-06-13T02:59:03+00:00	nginx.hello2	{"log":"2022/06/13 02:59:03 [notice] 1#1: start worker process 31","container_id":"063dfaf4c961637ecd48521932eac51248fbbe9e5c7b76b360b12f5ed3c0b4b1","container_name":"/fluentd-elastic-stack-ver0.0.1-nginx_d_1","source":"stderr"}
2022-06-13T02:59:03+00:00	nginx.hello2	{"container_id":"063dfaf4c961637ecd48521932eac51248fbbe9e5c7b76b360b12f5ed3c0b4b1","container_name":"/fluentd-elastic-stack-ver0.0.1-nginx_d_1","source":"stderr","log":"2022/06/13 02:59:03 [notice] 1#1: start worker process 32"}
2022-06-13T02:59:03+00:00	nginx.hello2	{"source":"stderr","log":"2022/06/13 02:59:03 [notice] 1#1: start worker process 33","container_id":"063dfaf4c961637ecd48521932eac51248fbbe9e5c7b76b360b12f5ed3c0b4b1","container_name":"/fluentd-elastic-stack-ver0.0.1-nginx_d_1"}
2022-06-13T02:59:03+00:00	nginx.hello2	{"container_id":"063dfaf4c961637ecd48521932eac51248fbbe9e5c7b76b360b12f5ed3c0b4b1","container_name":"/fluentd-elastic-stack-ver0.0.1-nginx_d_1","source":"stderr","log":"2022/06/13 02:59:03 [notice] 1#1: start worker process 34"}
2022-06-13T03:00:08+00:00	fluent.warn	{"retry_times":0,"next_retry_time":"2022-06-13 03:00:09 +0000","chunk":"5e14b78c121c0a493d15629b32809cdd","error":"#<Fluent::Plugin::ElasticsearchOutput::RecoverableRequestFailure: could not push logs to Elasticsearch cluster ({:host=>\"fluentd-elastic-stack-ver0.0.1-es\", :port=>9200, :scheme=>\"http\"}): The client noticed that the server is not Elasticsearch and we do not support this unknown product.>","message":"failed to flush the buffer. retry_times=0 next_retry_time=2022-06-13 03:00:09 +0000 chunk=\"5e14b78c121c0a493d15629b32809cdd\" error_class=Fluent::Plugin::ElasticsearchOutput::RecoverableRequestFailure error=\"could not push logs to Elasticsearch cluster ({:host=>\\\"fluentd-elastic-stack-ver0.0.1-es\\\", :port=>9200, :scheme=>\\\"http\\\"}): The client noticed that the server is not Elasticsearch and we do not support this unknown product.\""}
2022-06-13T03:00:09+00:00	fluent.warn	{"retry_times":1,"next_retry_time":"2022-06-13 03:00:12 +0000","chunk":"5e14b78c121c0a493d15629b32809cdd","error":"#<Fluent::Plugin::ElasticsearchOutput::RecoverableRequestFailure: could not push logs to Elasticsearch cluster ({:host=>\"fluentd-elastic-stack-ver0.0.1-es\", :port=>9200, :scheme=>\"http\"}): The client noticed that the server is not Elasticsearch and we do not support this unknown product.>","message":"failed to flush the buffer. retry_times=1 next_retry_time=2022-06-13 03:00:12 +0000 chunk=\"5e14b78c121c0a493d15629b32809cdd\" error_class=Fluent::Plugin::ElasticsearchOutput::RecoverableRequestFailure error=\"could not push logs to Elasticsearch cluster ({:host=>\\\"fluentd-elastic-stack-ver0.0.1-es\\\", :port=>9200, :scheme=>\\\"http\\\"}): The client noticed that the server is not Elasticsearch and we do not support this unknown product.\""}
2022-06-13T03:00:11+00:00	fluent.warn	{"retry_times":2,"next_retry_time":"2022-06-13 03:00:16 +0000","chunk":"5e14b78c121c0a493d15629b32809cdd","error":"#<Fluent::Plugin::ElasticsearchOutput::RecoverableRequestFailure: could not push logs to Elasticsearch cluster ({:host=>\"fluentd-elastic-stack-ver0.0.1-es\", :port=>9200, :scheme=>\"http\"}): The client noticed that the server is not Elasticsearch and we do not support this unknown product.>","message":"failed to flush the buffer. retry_times=2 next_retry_time=2022-06-13 03:00:16 +0000 chunk=\"5e14b78c121c0a493d15629b32809cdd\" error_class=Fluent::Plugin::ElasticsearchOutput::RecoverableRequestFailure error=\"could not push logs to Elasticsearch cluster ({:host=>\\\"fluentd-elastic-stack-ver0.0.1-es\\\", :port=>9200, :scheme=>\\\"http\\\"}): The client noticed that the server is not Elasticsearch and we do not support this unknown product.\""}
2022-06-13T03:00:15+00:00	fluent.warn	{"retry_times":3,"next_retry_time":"2022-06-13 03:00:24 +0000","chunk":"5e14b78c121c0a493d15629b32809cdd","error":"#<Fluent::Plugin::ElasticsearchOutput::RecoverableRequestFailure: could not push logs to Elasticsearch cluster ({:host=>\"fluentd-elastic-stack-ver0.0.1-es\", :port=>9200, :scheme=>\"http\"}): The client noticed that the server is not Elasticsearch and we do not support this unknown product.>","message":"failed to flush the buffer. retry_times=3 next_retry_time=2022-06-13 03:00:24 +0000 chunk=\"5e14b78c121c0a493d15629b32809cdd\" error_class=Fluent::Plugin::ElasticsearchOutput::RecoverableRequestFailure error=\"could not push logs to Elasticsearch cluster ({:host=>\\\"fluentd-elastic-stack-ver0.0.1-es\\\", :port=>9200, :scheme=>\\\"http\\\"}): The client noticed that the server is not Elasticsearch and we do not support this unknown product.\""}
2022-06-13T03:00:23+00:00	fluent.warn	{"retry_times":4,"next_retry_time":"2022-06-13 03:00:41 +0000","chunk":"5e14b78c121c0a493d15629b32809cdd","error":"#<Fluent::Plugin::ElasticsearchOutput::RecoverableRequestFailure: could not push logs to Elasticsearch cluster ({:host=>\"fluentd-elastic-stack-ver0.0.1-es\", :port=>9200, :scheme=>\"http\"}): The client noticed that the server is not Elasticsearch and we do not support this unknown product.>","message":"failed to flush the buffer. retry_times=4 next_retry_time=2022-06-13 03:00:41 +0000 chunk=\"5e14b78c121c0a493d15629b32809cdd\" error_class=Fluent::Plugin::ElasticsearchOutput::RecoverableRequestFailure error=\"could not push logs to Elasticsearch cluster ({:host=>\\\"fluentd-elastic-stack-ver0.0.1-es\\\", :port=>9200, :scheme=>\\\"http\\\"}): The client noticed that the server is not Elasticsearch and we do not support this unknown product.\""}
2022-06-13T03:00:40+00:00	fluent.warn	{"retry_times":5,"next_retry_time":"2022-06-13 03:01:16 +0000","chunk":"5e14b78c121c0a493d15629b32809cdd","error":"#<Fluent::Plugin::ElasticsearchOutput::RecoverableRequestFailure: could not push logs to Elasticsearch cluster ({:host=>\"fluentd-elastic-stack-ver0.0.1-es\", :port=>9200, :scheme=>\"http\"}): The client noticed that the server is not Elasticsearch and we do not support this unknown product.>","message":"failed to flush the buffer. retry_times=5 next_retry_time=2022-06-13 03:01:16 +0000 chunk=\"5e14b78c121c0a493d15629b32809cdd\" error_class=Fluent::Plugin::ElasticsearchOutput::RecoverableRequestFailure error=\"could not push logs to Elasticsearch cluster ({:host=>\\\"fluentd-elastic-stack-ver0.0.1-es\\\", :port=>9200, :scheme=>\\\"http\\\"}): The client noticed that the server is not Elasticsearch and we do not support this unknown product.\""}
2022-06-13T03:01:16+00:00	fluent.warn	{"retry_times":6,"next_retry_time":"2022-06-13 03:02:23 +0000","chunk":"5e14b78c121c0a493d15629b32809cdd","error":"#<Fluent::Plugin::ElasticsearchOutput::RecoverableRequestFailure: could not push logs to Elasticsearch cluster ({:host=>\"fluentd-elastic-stack-ver0.0.1-es\", :port=>9200, :scheme=>\"http\"}): The client noticed that the server is not Elasticsearch and we do not support this unknown product.>","message":"failed to flush the buffer. retry_times=6 next_retry_time=2022-06-13 03:02:23 +0000 chunk=\"5e14b78c121c0a493d15629b32809cdd\" error_class=Fluent::Plugin::ElasticsearchOutput::RecoverableRequestFailure error=\"could not push logs to Elasticsearch cluster ({:host=>\\\"fluentd-elastic-stack-ver0.0.1-es\\\", :port=>9200, :scheme=>\\\"http\\\"}): The client noticed that the server is not Elasticsearch and we do not support this unknown product.\""}
2022-06-13T03:02:23+00:00	fluent.warn	{"retry_times":7,"next_retry_time":"2022-06-13 03:04:46 +0000","chunk":"5e14b78c121c0a493d15629b32809cdd","error":"#<Fluent::Plugin::ElasticsearchOutput::RecoverableRequestFailure: could not push logs to Elasticsearch cluster ({:host=>\"fluentd-elastic-stack-ver0.0.1-es\", :port=>9200, :scheme=>\"http\"}): The client noticed that the server is not Elasticsearch and we do not support this unknown product.>","message":"failed to flush the buffer. retry_times=7 next_retry_time=2022-06-13 03:04:46 +0000 chunk=\"5e14b78c121c0a493d15629b32809cdd\" error_class=Fluent::Plugin::ElasticsearchOutput::RecoverableRequestFailure error=\"could not push logs to Elasticsearch cluster ({:host=>\\\"fluentd-elastic-stack-ver0.0.1-es\\\", :port=>9200, :scheme=>\\\"http\\\"}): The client noticed that the server is not Elasticsearch and we do not support this unknown product.\""}
2022-06-13T03:04:46+00:00	fluent.warn	{"retry_times":8,"next_retry_time":"2022-06-13 03:08:52 +0000","chunk":"5e14b78c121c0a493d15629b32809cdd","error":"#<Fluent::Plugin::ElasticsearchOutput::RecoverableRequestFailure: could not push logs to Elasticsearch cluster ({:host=>\"fluentd-elastic-stack-ver0.0.1-es\", :port=>9200, :scheme=>\"http\"}): The client noticed that the server is not Elasticsearch and we do not support this unknown product.>","message":"failed to flush the buffer. retry_times=8 next_retry_time=2022-06-13 03:08:52 +0000 chunk=\"5e14b78c121c0a493d15629b32809cdd\" error_class=Fluent::Plugin::ElasticsearchOutput::RecoverableRequestFailure error=\"could not push logs to Elasticsearch cluster ({:host=>\\\"fluentd-elastic-stack-ver0.0.1-es\\\", :port=>9200, :scheme=>\\\"http\\\"}): The client noticed that the server is not Elasticsearch and we do not support this unknown product.\""}
2022-06-13T03:08:52+00:00	fluent.warn	{"retry_times":9,"next_retry_time":"2022-06-13 03:16:29 +0000","chunk":"5e14b78c121c0a493d15629b32809cdd","error":"#<Fluent::Plugin::ElasticsearchOutput::RecoverableRequestFailure: could not push logs to Elasticsearch cluster ({:host=>\"fluentd-elastic-stack-ver0.0.1-es\", :port=>9200, :scheme=>\"http\"}): The client noticed that the server is not Elasticsearch and we do not support this unknown product.>","message":"failed to flush the buffer. retry_times=9 next_retry_time=2022-06-13 03:16:29 +0000 chunk=\"5e14b78c121c0a493d15629b32809cdd\" error_class=Fluent::Plugin::ElasticsearchOutput::RecoverableRequestFailure error=\"could not push logs to Elasticsearch cluster ({:host=>\\\"fluentd-elastic-stack-ver0.0.1-es\\\", :port=>9200, :scheme=>\\\"http\\\"}): The client noticed that the server is not Elasticsearch and we do not support this unknown product.\""}
2022-06-13T03:16:29+00:00	fluent.warn	{"retry_times":10,"next_retry_time":"2022-06-13 03:31:54 +0000","chunk":"5e14b78c121c0a493d15629b32809cdd","error":"#<Fluent::Plugin::ElasticsearchOutput::RecoverableRequestFailure: could not push logs to Elasticsearch cluster ({:host=>\"fluentd-elastic-stack-ver0.0.1-es\", :port=>9200, :scheme=>\"http\"}): The client noticed that the server is not Elasticsearch and we do not support this unknown product.>","message":"failed to flush the buffer. retry_times=10 next_retry_time=2022-06-13 03:31:54 +0000 chunk=\"5e14b78c121c0a493d15629b32809cdd\" error_class=Fluent::Plugin::ElasticsearchOutput::RecoverableRequestFailure error=\"could not push logs to Elasticsearch cluster ({:host=>\\\"fluentd-elastic-stack-ver0.0.1-es\\\", :port=>9200, :scheme=>\\\"http\\\"}): The client noticed that the server is not Elasticsearch and we do not support this unknown product.\""}
2022-06-13T03:21:34+00:00	nginx.hello	{"source":"stderr","log":"2022/06/13 03:21:34 [notice] 1#1: signal 3 (SIGQUIT) received, shutting down","container_id":"65ed6d7cbcb8669f0108a8325dff7b32cb745f4df2958120339a51482066ed8c","container_name":"/fluentd-elastic-stack-ver0.0.1-nginx_d"}
2022-06-13T03:21:34+00:00	nginx.hello	{"container_id":"65ed6d7cbcb8669f0108a8325dff7b32cb745f4df2958120339a51482066ed8c","container_name":"/fluentd-elastic-stack-ver0.0.1-nginx_d","source":"stderr","log":"2022/06/13 03:21:34 [notice] 31#31: gracefully shutting down"}
2022-06-13T03:21:34+00:00	nginx.hello	{"log":"2022/06/13 03:21:34 [notice] 31#31: exiting","container_id":"65ed6d7cbcb8669f0108a8325dff7b32cb745f4df2958120339a51482066ed8c","container_name":"/fluentd-elastic-stack-ver0.0.1-nginx_d","source":"stderr"}
2022-06-13T03:21:34+00:00	nginx.hello	{"container_id":"65ed6d7cbcb8669f0108a8325dff7b32cb745f4df2958120339a51482066ed8c","container_name":"/fluentd-elastic-stack-ver0.0.1-nginx_d","source":"stderr","log":"2022/06/13 03:21:34 [notice] 32#32: gracefully shutting down"}
2022-06-13T03:21:34+00:00	nginx.hello	{"container_name":"/fluentd-elastic-stack-ver0.0.1-nginx_d","source":"stderr","log":"2022/06/13 03:21:34 [notice] 34#34: gracefully shutting down","container_id":"65ed6d7cbcb8669f0108a8325dff7b32cb745f4df2958120339a51482066ed8c"}
2022-06-13T03:21:34+00:00	nginx.hello	{"container_id":"65ed6d7cbcb8669f0108a8325dff7b32cb745f4df2958120339a51482066ed8c","container_name":"/fluentd-elastic-stack-ver0.0.1-nginx_d","source":"stderr","log":"2022/06/13 03:21:34 [notice] 33#33: gracefully shutting down"}
2022-06-13T03:21:34+00:00	nginx.hello	{"log":"2022/06/13 03:21:34 [notice] 31#31: exit","container_id":"65ed6d7cbcb8669f0108a8325dff7b32cb745f4df2958120339a51482066ed8c","container_name":"/fluentd-elastic-stack-ver0.0.1-nginx_d","source":"stderr"}
2022-06-13T03:21:34+00:00	nginx.hello	{"log":"2022/06/13 03:21:34 [notice] 32#32: exiting","container_id":"65ed6d7cbcb8669f0108a8325dff7b32cb745f4df2958120339a51482066ed8c","container_name":"/fluentd-elastic-stack-ver0.0.1-nginx_d","source":"stderr"}
2022-06-13T03:21:34+00:00	nginx.hello	{"container_name":"/fluentd-elastic-stack-ver0.0.1-nginx_d","source":"stderr","log":"2022/06/13 03:21:34 [notice] 34#34: exiting","container_id":"65ed6d7cbcb8669f0108a8325dff7b32cb745f4df2958120339a51482066ed8c"}
2022-06-13T03:21:34+00:00	nginx.hello2	{"log":"2022/06/13 03:21:34 [notice] 1#1: signal 3 (SIGQUIT) received, shutting down","container_id":"063dfaf4c961637ecd48521932eac51248fbbe9e5c7b76b360b12f5ed3c0b4b1","container_name":"/fluentd-elastic-stack-ver0.0.1-nginx_d_1","source":"stderr"}
2022-06-13T03:21:34+00:00	nginx.hello2	{"container_id":"063dfaf4c961637ecd48521932eac51248fbbe9e5c7b76b360b12f5ed3c0b4b1","container_name":"/fluentd-elastic-stack-ver0.0.1-nginx_d_1","source":"stderr","log":"2022/06/13 03:21:34 [notice] 33#33: gracefully shutting down"}
2022-06-13T03:21:34+00:00	nginx.hello2	{"container_id":"063dfaf4c961637ecd48521932eac51248fbbe9e5c7b76b360b12f5ed3c0b4b1","container_name":"/fluentd-elastic-stack-ver0.0.1-nginx_d_1","source":"stderr","log":"2022/06/13 03:21:34 [notice] 32#32: gracefully shutting down"}
2022-06-13T03:21:34+00:00	nginx.hello2	{"container_id":"063dfaf4c961637ecd48521932eac51248fbbe9e5c7b76b360b12f5ed3c0b4b1","container_name":"/fluentd-elastic-stack-ver0.0.1-nginx_d_1","source":"stderr","log":"2022/06/13 03:21:34 [notice] 31#31: gracefully shutting down"}
2022-06-13T03:21:34+00:00	nginx.hello2	{"container_id":"063dfaf4c961637ecd48521932eac51248fbbe9e5c7b76b360b12f5ed3c0b4b1","container_name":"/fluentd-elastic-stack-ver0.0.1-nginx_d_1","source":"stderr","log":"2022/06/13 03:21:34 [notice] 33#33: exiting"}
2022-06-13T03:21:34+00:00	nginx.hello2	{"container_name":"/fluentd-elastic-stack-ver0.0.1-nginx_d_1","source":"stderr","log":"2022/06/13 03:21:34 [notice] 34#34: gracefully shutting down","container_id":"063dfaf4c961637ecd48521932eac51248fbbe9e5c7b76b360b12f5ed3c0b4b1"}
2022-06-13T03:21:34+00:00	nginx.hello2	{"container_id":"063dfaf4c961637ecd48521932eac51248fbbe9e5c7b76b360b12f5ed3c0b4b1","container_name":"/fluentd-elastic-stack-ver0.0.1-nginx_d_1","source":"stderr","log":"2022/06/13 03:21:34 [notice] 31#31: exiting"}
2022-06-13T03:21:34+00:00	nginx.hello2	{"container_id":"063dfaf4c961637ecd48521932eac51248fbbe9e5c7b76b360b12f5ed3c0b4b1","container_name":"/fluentd-elastic-stack-ver0.0.1-nginx_d_1","source":"stderr","log":"2022/06/13 03:21:34 [notice] 33#33: exit"}
2022-06-13T03:21:34+00:00	nginx.hello2	{"source":"stderr","log":"2022/06/13 03:21:34 [notice] 31#31: exit","container_id":"063dfaf4c961637ecd48521932eac51248fbbe9e5c7b76b360b12f5ed3c0b4b1","container_name":"/fluentd-elastic-stack-ver0.0.1-nginx_d_1"}
2022-06-13T03:21:34+00:00	nginx.hello2	{"container_id":"063dfaf4c961637ecd48521932eac51248fbbe9e5c7b76b360b12f5ed3c0b4b1","container_name":"/fluentd-elastic-stack-ver0.0.1-nginx_d_1","source":"stderr","log":"2022/06/13 03:21:34 [notice] 32#32: exiting"}
2022-06-13T03:21:34+00:00	nginx.hello2	{"log":"2022/06/13 03:21:34 [notice] 32#32: exit","container_id":"063dfaf4c961637ecd48521932eac51248fbbe9e5c7b76b360b12f5ed3c0b4b1","container_name":"/fluentd-elastic-stack-ver0.0.1-nginx_d_1","source":"stderr"}
2022-06-13T03:21:34+00:00	nginx.hello2	{"log":"2022/06/13 03:21:34 [notice] 34#34: exiting","container_id":"063dfaf4c961637ecd48521932eac51248fbbe9e5c7b76b360b12f5ed3c0b4b1","container_name":"/fluentd-elastic-stack-ver0.0.1-nginx_d_1","source":"stderr"}
2022-06-13T03:21:34+00:00	nginx.hello	{"container_name":"/fluentd-elastic-stack-ver0.0.1-nginx_d","source":"stderr","log":"2022/06/13 03:21:34 [notice] 32#32: exit","container_id":"65ed6d7cbcb8669f0108a8325dff7b32cb745f4df2958120339a51482066ed8c"}
2022-06-13T03:21:34+00:00	nginx.hello	{"log":"2022/06/13 03:21:34 [notice] 33#33: exiting","container_id":"65ed6d7cbcb8669f0108a8325dff7b32cb745f4df2958120339a51482066ed8c","container_name":"/fluentd-elastic-stack-ver0.0.1-nginx_d","source":"stderr"}
2022-06-13T03:21:34+00:00	nginx.hello	{"container_id":"65ed6d7cbcb8669f0108a8325dff7b32cb745f4df2958120339a51482066ed8c","container_name":"/fluentd-elastic-stack-ver0.0.1-nginx_d","source":"stderr","log":"2022/06/13 03:21:34 [notice] 33#33: exit"}
2022-06-13T03:21:34+00:00	nginx.hello	{"log":"2022/06/13 03:21:34 [notice] 34#34: exit","container_id":"65ed6d7cbcb8669f0108a8325dff7b32cb745f4df2958120339a51482066ed8c","container_name":"/fluentd-elastic-stack-ver0.0.1-nginx_d","source":"stderr"}
2022-06-13T03:21:34+00:00	nginx.hello	{"source":"stderr","log":"2022/06/13 03:21:34 [notice] 1#1: signal 17 (SIGCHLD) received from 34","container_id":"65ed6d7cbcb8669f0108a8325dff7b32cb745f4df2958120339a51482066ed8c","container_name":"/fluentd-elastic-stack-ver0.0.1-nginx_d"}
2022-06-13T03:21:34+00:00	nginx.hello	{"log":"2022/06/13 03:21:34 [notice] 1#1: worker process 34 exited with code 0","container_id":"65ed6d7cbcb8669f0108a8325dff7b32cb745f4df2958120339a51482066ed8c","container_name":"/fluentd-elastic-stack-ver0.0.1-nginx_d","source":"stderr"}
2022-06-13T03:21:34+00:00	nginx.hello	{"container_id":"65ed6d7cbcb8669f0108a8325dff7b32cb745f4df2958120339a51482066ed8c","container_name":"/fluentd-elastic-stack-ver0.0.1-nginx_d","source":"stderr","log":"2022/06/13 03:21:34 [notice] 1#1: signal 29 (SIGIO) received"}
2022-06-13T03:21:34+00:00	nginx.hello	{"log":"2022/06/13 03:21:34 [notice] 1#1: signal 17 (SIGCHLD) received from 31","container_id":"65ed6d7cbcb8669f0108a8325dff7b32cb745f4df2958120339a51482066ed8c","container_name":"/fluentd-elastic-stack-ver0.0.1-nginx_d","source":"stderr"}
2022-06-13T03:21:34+00:00	nginx.hello	{"container_name":"/fluentd-elastic-stack-ver0.0.1-nginx_d","source":"stderr","log":"2022/06/13 03:21:34 [notice] 1#1: worker process 31 exited with code 0","container_id":"65ed6d7cbcb8669f0108a8325dff7b32cb745f4df2958120339a51482066ed8c"}
2022-06-13T03:21:34+00:00	nginx.hello	{"container_id":"65ed6d7cbcb8669f0108a8325dff7b32cb745f4df2958120339a51482066ed8c","container_name":"/fluentd-elastic-stack-ver0.0.1-nginx_d","source":"stderr","log":"2022/06/13 03:21:34 [notice] 1#1: signal 29 (SIGIO) received"}
2022-06-13T03:21:34+00:00	nginx.hello	{"container_id":"65ed6d7cbcb8669f0108a8325dff7b32cb745f4df2958120339a51482066ed8c","container_name":"/fluentd-elastic-stack-ver0.0.1-nginx_d","source":"stderr","log":"2022/06/13 03:21:34 [notice] 1#1: signal 17 (SIGCHLD) received from 32"}
2022-06-13T03:21:34+00:00	nginx.hello	{"container_id":"65ed6d7cbcb8669f0108a8325dff7b32cb745f4df2958120339a51482066ed8c","container_name":"/fluentd-elastic-stack-ver0.0.1-nginx_d","source":"stderr","log":"2022/06/13 03:21:34 [notice] 1#1: worker process 32 exited with code 0"}
2022-06-13T03:21:34+00:00	nginx.hello	{"source":"stderr","log":"2022/06/13 03:21:34 [notice] 1#1: signal 29 (SIGIO) received","container_id":"65ed6d7cbcb8669f0108a8325dff7b32cb745f4df2958120339a51482066ed8c","container_name":"/fluentd-elastic-stack-ver0.0.1-nginx_d"}
2022-06-13T03:21:34+00:00	nginx.hello	{"container_id":"65ed6d7cbcb8669f0108a8325dff7b32cb745f4df2958120339a51482066ed8c","container_name":"/fluentd-elastic-stack-ver0.0.1-nginx_d","source":"stderr","log":"2022/06/13 03:21:34 [notice] 1#1: signal 17 (SIGCHLD) received from 33"}
2022-06-13T03:21:34+00:00	nginx.hello	{"container_name":"/fluentd-elastic-stack-ver0.0.1-nginx_d","source":"stderr","log":"2022/06/13 03:21:34 [notice] 1#1: worker process 33 exited with code 0","container_id":"65ed6d7cbcb8669f0108a8325dff7b32cb745f4df2958120339a51482066ed8c"}
2022-06-13T03:21:34+00:00	nginx.hello	{"source":"stderr","log":"2022/06/13 03:21:34 [notice] 1#1: exit","container_id":"65ed6d7cbcb8669f0108a8325dff7b32cb745f4df2958120339a51482066ed8c","container_name":"/fluentd-elastic-stack-ver0.0.1-nginx_d"}
2022-06-13T03:21:34+00:00	nginx.hello2	{"log":"2022/06/13 03:21:34 [notice] 34#34: exit","container_id":"063dfaf4c961637ecd48521932eac51248fbbe9e5c7b76b360b12f5ed3c0b4b1","container_name":"/fluentd-elastic-stack-ver0.0.1-nginx_d_1","source":"stderr"}
2022-06-13T03:21:34+00:00	nginx.hello2	{"log":"2022/06/13 03:21:34 [notice] 1#1: signal 17 (SIGCHLD) received from 33","container_id":"063dfaf4c961637ecd48521932eac51248fbbe9e5c7b76b360b12f5ed3c0b4b1","container_name":"/fluentd-elastic-stack-ver0.0.1-nginx_d_1","source":"stderr"}
2022-06-13T03:21:34+00:00	nginx.hello2	{"container_name":"/fluentd-elastic-stack-ver0.0.1-nginx_d_1","source":"stderr","log":"2022/06/13 03:21:34 [notice] 1#1: worker process 33 exited with code 0","container_id":"063dfaf4c961637ecd48521932eac51248fbbe9e5c7b76b360b12f5ed3c0b4b1"}
2022-06-13T03:21:34+00:00	nginx.hello2	{"container_id":"063dfaf4c961637ecd48521932eac51248fbbe9e5c7b76b360b12f5ed3c0b4b1","container_name":"/fluentd-elastic-stack-ver0.0.1-nginx_d_1","source":"stderr","log":"2022/06/13 03:21:34 [notice] 1#1: signal 29 (SIGIO) received"}
2022-06-13T03:21:34+00:00	nginx.hello2	{"source":"stderr","log":"2022/06/13 03:21:34 [notice] 1#1: signal 17 (SIGCHLD) received from 31","container_id":"063dfaf4c961637ecd48521932eac51248fbbe9e5c7b76b360b12f5ed3c0b4b1","container_name":"/fluentd-elastic-stack-ver0.0.1-nginx_d_1"}
2022-06-13T03:21:34+00:00	nginx.hello2	{"container_id":"063dfaf4c961637ecd48521932eac51248fbbe9e5c7b76b360b12f5ed3c0b4b1","container_name":"/fluentd-elastic-stack-ver0.0.1-nginx_d_1","source":"stderr","log":"2022/06/13 03:21:34 [notice] 1#1: worker process 31 exited with code 0"}
2022-06-13T03:21:34+00:00	nginx.hello2	{"log":"2022/06/13 03:21:34 [notice] 1#1: signal 29 (SIGIO) received","container_id":"063dfaf4c961637ecd48521932eac51248fbbe9e5c7b76b360b12f5ed3c0b4b1","container_name":"/fluentd-elastic-stack-ver0.0.1-nginx_d_1","source":"stderr"}
2022-06-13T03:21:34+00:00	nginx.hello2	{"source":"stderr","log":"2022/06/13 03:21:34 [notice] 1#1: signal 17 (SIGCHLD) received from 32","container_id":"063dfaf4c961637ecd48521932eac51248fbbe9e5c7b76b360b12f5ed3c0b4b1","container_name":"/fluentd-elastic-stack-ver0.0.1-nginx_d_1"}
2022-06-13T03:21:34+00:00	nginx.hello2	{"log":"2022/06/13 03:21:34 [notice] 1#1: worker process 32 exited with code 0","container_id":"063dfaf4c961637ecd48521932eac51248fbbe9e5c7b76b360b12f5ed3c0b4b1","container_name":"/fluentd-elastic-stack-ver0.0.1-nginx_d_1","source":"stderr"}
2022-06-13T03:21:34+00:00	nginx.hello2	{"container_name":"/fluentd-elastic-stack-ver0.0.1-nginx_d_1","source":"stderr","log":"2022/06/13 03:21:34 [notice] 1#1: signal 29 (SIGIO) received","container_id":"063dfaf4c961637ecd48521932eac51248fbbe9e5c7b76b360b12f5ed3c0b4b1"}
2022-06-13T03:21:34+00:00	nginx.hello2	{"container_id":"063dfaf4c961637ecd48521932eac51248fbbe9e5c7b76b360b12f5ed3c0b4b1","container_name":"/fluentd-elastic-stack-ver0.0.1-nginx_d_1","source":"stderr","log":"2022/06/13 03:21:34 [notice] 1#1: signal 17 (SIGCHLD) received from 34"}
2022-06-13T03:21:34+00:00	nginx.hello2	{"source":"stderr","log":"2022/06/13 03:21:34 [notice] 1#1: worker process 34 exited with code 0","container_id":"063dfaf4c961637ecd48521932eac51248fbbe9e5c7b76b360b12f5ed3c0b4b1","container_name":"/fluentd-elastic-stack-ver0.0.1-nginx_d_1"}
2022-06-13T03:21:34+00:00	nginx.hello2	{"log":"2022/06/13 03:21:34 [notice] 1#1: exit","container_id":"063dfaf4c961637ecd48521932eac51248fbbe9e5c7b76b360b12f5ed3c0b4b1","container_name":"/fluentd-elastic-stack-ver0.0.1-nginx_d_1","source":"stderr"}
2022-06-13T03:21:35+00:00	fluent.info	{"worker":0,"message":"fluentd worker is now stopping worker=0"}
